[    0.000000] Initializing cgroup subsys cpuset
[    0.000000] Initializing cgroup subsys cpu
[    0.000000] Initializing cgroup subsys cpuacct
[    0.000000] Linux version 4.4.0-210-generic (buildd@lgw01-amd64-009) (gcc version 5.4.0 20160609 (Ubuntu 5.4.0-6ubuntu1~16.04.12) ) #242-Ubuntu SMP Fri Apr 16 09:57:56 UTC 2021 (Ubuntu 4.4.0-210.242-generic 4.4.262)
[    0.000000] Command line: BOOT_IMAGE=/boot/vmlinuz-4.4.0-210-generic root=LABEL=cloudimg-rootfs ro console=tty1 console=ttyS0
[    0.000000] KERNEL supported cpus:
[    0.000000]   Intel GenuineIntel
[    0.000000]   AMD AuthenticAMD
[    0.000000]   Centaur CentaurHauls
[    0.000000] x86/fpu: xstate_offset[2]:  576, xstate_sizes[2]:  256
[    0.000000] x86/fpu: Supporting XSAVE feature 0x01: 'x87 floating point registers'
[    0.000000] x86/fpu: Supporting XSAVE feature 0x02: 'SSE registers'
[    0.000000] x86/fpu: Supporting XSAVE feature 0x04: 'AVX registers'
[    0.000000] x86/fpu: Enabled xstate features 0x7, context size is 832 bytes, using 'standard' format.
[    0.000000] e820: BIOS-provided physical RAM map:
[    0.000000] BIOS-e820: [mem 0x0000000000000000-0x000000000009fbff] usable
[    0.000000] BIOS-e820: [mem 0x000000000009fc00-0x000000000009ffff] reserved
[    0.000000] BIOS-e820: [mem 0x00000000000f0000-0x00000000000fffff] reserved
[    0.000000] BIOS-e820: [mem 0x0000000000100000-0x000000003ffeffff] usable
[    0.000000] BIOS-e820: [mem 0x000000003fff0000-0x000000003fffffff] ACPI data
[    0.000000] BIOS-e820: [mem 0x00000000fec00000-0x00000000fec00fff] reserved
[    0.000000] BIOS-e820: [mem 0x00000000fee00000-0x00000000fee00fff] reserved
[    0.000000] BIOS-e820: [mem 0x00000000fffc0000-0x00000000ffffffff] reserved
[    0.000000] NX (Execute Disable) protection: active
[    0.000000] SMBIOS 2.5 present.
[    0.000000] Hypervisor detected: KVM
[    0.000000] e820: last_pfn = 0x3fff0 max_arch_pfn = 0x400000000
[    0.000000] MTRR: Disabled
[    0.000000] x86/PAT: MTRRs disabled, skipping PAT initialization too.
[    0.000000] CPU MTRRs all blank - virtualized system.
[    0.000000] x86/PAT: Configuration [0-7]: WB  WT  UC- UC  WB  WT  UC- UC  
[    0.000000] found SMP MP-table at [mem 0x0009fff0-0x0009ffff] mapped at [ffff88000009fff0]
[    0.000000] Scanning 1 areas for low memory corruption
[    0.000000] RAMDISK: [mem 0x362dc000-0x37165fff]
[    0.000000] ACPI: Early table checksum verification disabled
[    0.000000] ACPI: RSDP 0x00000000000E0000 000024 (v02 VBOX  )
[    0.000000] ACPI: XSDT 0x000000003FFF0030 00003C (v01 VBOX   VBOXXSDT 00000001 ASL  00000061)
[    0.000000] ACPI: FACP 0x000000003FFF00F0 0000F4 (v04 VBOX   VBOXFACP 00000001 ASL  00000061)
[    0.000000] ACPI: DSDT 0x000000003FFF0470 002325 (v02 VBOX   VBOXBIOS 00000002 INTL 20200925)
[    0.000000] ACPI: FACS 0x000000003FFF0200 000040
[    0.000000] ACPI: FACS 0x000000003FFF0200 000040
[    0.000000] ACPI: APIC 0x000000003FFF0240 00005C (v02 VBOX   VBOXAPIC 00000001 ASL  00000061)
[    0.000000] ACPI: SSDT 0x000000003FFF02A0 0001CC (v01 VBOX   VBOXCPUT 00000002 INTL 20200925)
[    0.000000] No NUMA configuration found
[    0.000000] Faking a node at [mem 0x0000000000000000-0x000000003ffeffff]
[    0.000000] NODE_DATA(0) allocated [mem 0x3ffeb000-0x3ffeffff]
[    0.000000] kvm-clock: Using msrs 4b564d01 and 4b564d00
[    0.000000] kvm-clock: cpu 0, msr 0:3ffe3001, primary cpu clock
[    0.000000] kvm-clock: using sched offset of 3130674540 cycles
[    0.000000] clocksource: kvm-clock: mask: 0xffffffffffffffff max_cycles: 0x1cd42e4dffb, max_idle_ns: 881590591483 ns
[    0.000000] Zone ranges:
[    0.000000]   DMA      [mem 0x0000000000001000-0x0000000000ffffff]
[    0.000000]   DMA32    [mem 0x0000000001000000-0x000000003ffeffff]
[    0.000000]   Normal   empty
[    0.000000]   Device   empty
[    0.000000] Movable zone start for each node
[    0.000000] Early memory node ranges
[    0.000000]   node   0: [mem 0x0000000000001000-0x000000000009efff]
[    0.000000]   node   0: [mem 0x0000000000100000-0x000000003ffeffff]
[    0.000000] Initmem setup node 0 [mem 0x0000000000001000-0x000000003ffeffff]
[    0.000000] ACPI: PM-Timer IO Port: 0x4008
[    0.000000] IOAPIC[0]: apic_id 2, version 32, address 0xfec00000, GSI 0-23
[    0.000000] ACPI: INT_SRC_OVR (bus 0 bus_irq 0 global_irq 2 dfl dfl)
[    0.000000] ACPI: INT_SRC_OVR (bus 0 bus_irq 9 global_irq 9 low level)
[    0.000000] Using ACPI (MADT) for SMP configuration information
[    0.000000] smpboot: Allowing 2 CPUs, 0 hotplug CPUs
[    0.000000] PM: Registered nosave memory: [mem 0x00000000-0x00000fff]
[    0.000000] PM: Registered nosave memory: [mem 0x0009f000-0x0009ffff]
[    0.000000] PM: Registered nosave memory: [mem 0x000a0000-0x000effff]
[    0.000000] PM: Registered nosave memory: [mem 0x000f0000-0x000fffff]
[    0.000000] e820: [mem 0x40000000-0xfebfffff] available for PCI devices
[    0.000000] Booting paravirtualized kernel on KVM
[    0.000000] clocksource: refined-jiffies: mask: 0xffffffff max_cycles: 0xffffffff, max_idle_ns: 7645519600211568 ns
[    0.000000] setup_percpu: NR_CPUS:512 nr_cpumask_bits:512 nr_cpu_ids:2 nr_node_ids:1
[    0.000000] PERCPU: Embedded 33 pages/cpu @ffff88003fc00000 s95192 r8192 d31784 u1048576
[    0.000000] Built 1 zonelists in Node order, mobility grouping on.  Total pages: 257912
[    0.000000] Policy zone: DMA32
[    0.000000] Kernel command line: BOOT_IMAGE=/boot/vmlinuz-4.4.0-210-generic root=LABEL=cloudimg-rootfs ro console=tty1 console=ttyS0
[    0.000000] PID hash table entries: 4096 (order: 3, 32768 bytes)
[    0.000000] Memory: 997792K/1048120K available (8644K kernel code, 1332K rwdata, 4044K rodata, 1492K init, 1164K bss, 50328K reserved, 0K cma-reserved)
[    0.000000] SLUB: HWalign=64, Order=0-3, MinObjects=0, CPUs=2, Nodes=1
[    0.000000] Kernel/User page tables isolation: enabled
[    0.000000] Hierarchical RCU implementation.
[    0.000000] 	Build-time adjustment of leaf fanout to 64.
[    0.000000] 	RCU restricting CPUs from NR_CPUS=512 to nr_cpu_ids=2.
[    0.000000] RCU: Adjusting geometry for rcu_fanout_leaf=64, nr_cpu_ids=2
[    0.000000] NR_IRQS:33024 nr_irqs:440 16
[    0.000000] Console: colour VGA+ 80x25
[    0.000000] console [tty1] enabled
[    0.000000] console [ttyS0] enabled
[    0.000000] tsc: Detected 3392.128 MHz processor
[    0.103185] Calibrating delay loop (skipped) preset value.. 6784.25 BogoMIPS (lpj=13568512)
[    0.104512] pid_max: default: 32768 minimum: 301
[    0.105319] ACPI: Core revision 20150930
[    0.106702] ACPI: 2 ACPI AML tables successfully acquired and loaded
[    0.107839] Security Framework initialized
[    0.108555] Yama: becoming mindful.
[    0.109186] AppArmor: AppArmor initialized
[    0.109949] Dentry cache hash table entries: 131072 (order: 8, 1048576 bytes)
[    0.111628] Inode-cache hash table entries: 65536 (order: 7, 524288 bytes)
[    0.112709] Mount-cache hash table entries: 2048 (order: 2, 16384 bytes)
[    0.113623] Mountpoint-cache hash table entries: 2048 (order: 2, 16384 bytes)
[    0.114801] Initializing cgroup subsys io
[    0.115492] Initializing cgroup subsys memory
[    0.116170] Initializing cgroup subsys devices
[    0.116949] Initializing cgroup subsys freezer
[    0.117695] Initializing cgroup subsys net_cls
[    0.118417] Initializing cgroup subsys perf_event
[    0.119209] Initializing cgroup subsys net_prio
[    0.119930] Initializing cgroup subsys hugetlb
[    0.120638] Initializing cgroup subsys pids
[    0.126809] mce: CPU supports 0 MCE banks
[    0.127524] Last level iTLB entries: 4KB 1024, 2MB 1024, 4MB 1024
[    0.128375] Last level dTLB entries: 4KB 1024, 2MB 1024, 4MB 1024, 1GB 4
[    0.129413] Spectre V1 : Mitigation: usercopy/swapgs barriers and __user pointer sanitization
[    0.130711] Spectre V2 : Mitigation: Full generic retpoline
[    0.131616] Spectre V2 : Spectre v2 / SpectreRSB mitigation: Filling RSB on context switch
[    0.132862] Speculative Store Bypass: Vulnerable
[    0.133535] SRBDS: Unknown: Dependent on hypervisor status
[    0.134421] MDS: Mitigation: Clear CPU buffers
[    0.137327] Freeing SMP alternatives memory: 36K
[    0.142667] ftrace: allocating 32380 entries in 127 pages
[    0.192281] smpboot: APIC(0) Converting physical 0 to logical package 0
[    0.193378] smpboot: Max logical packages: 1
[    0.194331] x2apic enabled
[    0.195084] Switched APIC routing to physical x2apic.
[    0.196889] ..TIMER: vector=0x30 apic1=0 pin1=2 apic2=-1 pin2=-1
[    0.305868] APIC calibration not consistent with PM-Timer: 102ms instead of 100ms
[    0.307203] APIC delta adjusted to PM-Timer: 6249711 (6416206)
[    0.308120] smpboot: CPU0: Intel(R) Core(TM) i7-4770 CPU @ 3.40GHz (family: 0x6, model: 0x3c, stepping: 0x3)
[    0.309710] Performance Events: unsupported p6 CPU model 60 no PMU driver, software events only.
[    0.319974] KVM setup paravirtual spinlock
[    0.321375] x86: Booting SMP configuration:
[    0.322101] .... node  #0, CPUs:      #1
[    0.322892] kvm-clock: cpu 1, msr 0:3ffe3041, secondary cpu clock
[    0.329654] mce: CPU supports 0 MCE banks
[    0.332165] x86: Booted up 1 node, 2 CPUs
[    0.334133] smpboot: Total of 2 processors activated (13568.51 BogoMIPS)
[    0.336121] devtmpfs: initialized
[    0.337733] evm: security.selinux
[    0.338319] evm: security.SMACK64
[    0.338918] evm: security.SMACK64EXEC
[    0.339560] evm: security.SMACK64TRANSMUTE
[    0.340197] evm: security.SMACK64MMAP
[    0.341015] evm: security.ima
[    0.341730] evm: security.capability
[    0.342528] clocksource: jiffies: mask: 0xffffffff max_cycles: 0xffffffff, max_idle_ns: 7645041785100000 ns
[    0.344011] futex hash table entries: 512 (order: 3, 32768 bytes)
[    0.345059] pinctrl core: initialized pinctrl subsystem
[    0.345918] RTC time:  8:06:45, date: 03/21/23
[    0.346816] NET: Registered protocol family 16
[    0.356812] cpuidle: using governor ladder
[    0.368593] cpuidle: using governor menu
[    0.369511] PCCT header not found.
[    0.370206] ACPI: bus type PCI registered
[    0.370951] acpiphp: ACPI Hot Plug PCI Controller Driver version: 0.5
[    0.372044] PCI: Using configuration type 1 for base access
[    0.385192] ACPI: Added _OSI(Module Device)
[    0.386189] ACPI: Added _OSI(Processor Device)
[    0.387058] ACPI: Added _OSI(3.0 _SCP Extensions)
[    0.388033] ACPI: Added _OSI(Processor Aggregator Device)
[    0.389796] ACPI: Executed 1 blocks of module-level executable AML code
[    0.392450] ACPI: Interpreter enabled
[    0.393052] ACPI: (supports S0 S5)
[    0.393684] ACPI: Using IOAPIC for interrupt routing
[    0.394664] PCI: Using host bridge windows from ACPI; if necessary, use "pci=nocrs" and report a bug
[    0.398467] ACPI: PCI Root Bridge [PCI0] (domain 0000 [bus 00-ff])
[    0.399572] acpi PNP0A03:00: _OSC: OS supports [ASPM ClockPM Segments MSI]
[    0.401000] acpi PNP0A03:00: _OSC: not requesting OS control; OS requires [ExtendedConfig ASPM ClockPM MSI]
[    0.402329] acpi PNP0A03:00: fail to add MMCONFIG information, can't access extended PCI configuration space under this bridge.
[    0.404051] PCI host bridge to bus 0000:00
[    0.404681] pci_bus 0000:00: root bus resource [io  0x0000-0x0cf7 window]
[    0.405599] pci_bus 0000:00: root bus resource [io  0x0d00-0xffff window]
[    0.406510] pci_bus 0000:00: root bus resource [mem 0x000a0000-0x000bffff window]
[    0.407675] pci_bus 0000:00: root bus resource [mem 0x40000000-0xfdffffff window]
[    0.408761] pci_bus 0000:00: root bus resource [bus 00-ff]
[    0.417950] pci 0000:00:01.1: legacy IDE quirk: reg 0x10: [io  0x01f0-0x01f7]
[    0.419109] pci 0000:00:01.1: legacy IDE quirk: reg 0x14: [io  0x03f6]
[    0.420134] pci 0000:00:01.1: legacy IDE quirk: reg 0x18: [io  0x0170-0x0177]
[    0.421192] pci 0000:00:01.1: legacy IDE quirk: reg 0x1c: [io  0x0376]
[    0.433329] pci 0000:00:07.0: quirk: [io  0x4000-0x403f] claimed by PIIX4 ACPI
[    0.434525] pci 0000:00:07.0: quirk: [io  0x4100-0x410f] claimed by PIIX4 SMB
[    0.442105] ACPI: PCI Interrupt Link [LNKA] (IRQs 5 9 10 *11)
[    0.443525] ACPI: PCI Interrupt Link [LNKB] (IRQs 5 9 *10 11)
[    0.444753] ACPI: PCI Interrupt Link [LNKC] (IRQs 5 *9 10 11)
[    0.445932] ACPI: PCI Interrupt Link [LNKD] (IRQs 5 9 10 *11)
[    0.447451] ACPI: Enabled 2 GPEs in block 00 to 07
[    0.448843] vgaarb: setting as boot device: PCI:0000:00:02.0
[    0.449639] vgaarb: device added: PCI:0000:00:02.0,decodes=io+mem,owns=io+mem,locks=none
[    0.450833] vgaarb: loaded
[    0.451338] vgaarb: bridge control possible 0000:00:02.0
[    0.452336] SCSI subsystem initialized
[    0.453141] ACPI: bus type USB registered
[    0.453830] usbcore: registered new interface driver usbfs
[    0.454665] usbcore: registered new interface driver hub
[    0.455475] usbcore: registered new device driver usb
[    0.456950] PCI: Using ACPI for IRQ routing
[    0.457898] NetLabel: Initializing
[    0.458546] NetLabel:  domain hash size = 128
[    0.459476] NetLabel:  protocols = UNLABELED CIPSOv4
[    0.460507] NetLabel:  unlabeled traffic allowed by default
[    0.461494] amd_nb: Cannot enumerate AMD northbridges
[    0.462347] clocksource: Switched to clocksource kvm-clock
[    0.468629] AppArmor: AppArmor Filesystem Enabled
[    0.469512] pnp: PnP ACPI init
[    0.470686] pnp: PnP ACPI: found 3 devices
[    0.479191] clocksource: acpi_pm: mask: 0xffffff max_cycles: 0xffffff, max_idle_ns: 2085701024 ns
[    0.480541] NET: Registered protocol family 2
[    0.481394] TCP established hash table entries: 8192 (order: 4, 65536 bytes)
[    0.482720] TCP bind hash table entries: 8192 (order: 5, 131072 bytes)
[    0.483800] TCP: Hash tables configured (established 8192 bind 8192)
[    0.484775] UDP hash table entries: 512 (order: 2, 16384 bytes)
[    0.485646] UDP-Lite hash table entries: 512 (order: 2, 16384 bytes)
[    0.486611] NET: Registered protocol family 1
[    0.487295] pci 0000:00:00.0: Limiting direct PCI/PCI transfers
[    0.488186] pci 0000:00:01.0: Activating ISA DMA hang workarounds
[    0.489207] Unpacking initramfs...
[    0.653597] Freeing initrd memory: 14888K
[    0.654563] RAPL PMU detected, API unit is 2^-32 Joules, 4 fixed counters 10737418240 ms ovfl timer
[    0.655942] hw unit of domain pp0-core 2^-0 Joules
[    0.656676] hw unit of domain package 2^-0 Joules
[    0.657382] hw unit of domain dram 2^-0 Joules
[    0.658086] hw unit of domain pp1-gpu 2^-0 Joules
[    0.659089] clocksource: tsc: mask: 0xffffffffffffffff max_cycles: 0x30e54250478, max_idle_ns: 440795377142 ns
[    0.661026] platform rtc_cmos: registered platform RTC device (no PNP device found)
[    0.662203] Scanning for low memory corruption every 60 seconds
[    0.663549] audit: initializing netlink subsys (disabled)
[    0.664348] audit: type=2000 audit(1679386010.683:1): initialized
[    0.665401] Initialise system trusted keyring
[    0.666219] HugeTLB registered 2 MB page size, pre-allocated 0 pages
[    0.668275] zbud: loaded
[    0.669037] VFS: Disk quotas dquot_6.6.0
[    0.669696] VFS: Dquot-cache hash table entries: 512 (order 0, 4096 bytes)
[    0.671126] squashfs: version 4.0 (2009/01/31) Phillip Lougher
[    0.672550] fuse init (API version 7.23)
[    0.673358] Key type big_key registered
[    0.673992] Allocating IMA MOK and blacklist keyrings.
[    0.675611] Key type asymmetric registered
[    0.676275] Asymmetric key parser 'x509' registered
[    0.677037] Block layer SCSI generic (bsg) driver version 0.4 loaded (major 249)
[    0.678196] io scheduler noop registered
[    0.678937] io scheduler deadline registered (default)
[    0.679795] io scheduler cfq registered
[    0.680486] pci_hotplug: PCI Hot Plug PCI Core version: 0.5
[    0.681284] pciehp: PCI Express Hot Plug Controller Driver version: 0.4
[    0.682268] ACPI: AC Adapter [AC] (on-line)
[    0.683275] input: Power Button as /devices/LNXSYSTM:00/LNXPWRBN:00/input/input0
[    0.684682] ACPI: Power Button [PWRF]
[    0.685311] input: Sleep Button as /devices/LNXSYSTM:00/LNXSLPBN:00/input/input1
[    0.686482] ACPI: Sleep Button [SLPF]
[    0.687237] GHES: HEST is not enabled!
[    0.687966] Serial: 8250/16550 driver, 32 ports, IRQ sharing enabled
[    0.709191] 00:02: ttyS0 at I/O 0x3f8 (irq = 4, base_baud = 115200) is a 16550A
[    0.711983] Linux agpgart interface v0.103
[    0.713898] loop: module loaded
[    0.714850] scsi host0: ata_piix
[    0.715608] scsi host1: ata_piix
[    0.716186] ata1: PATA max UDMA/33 cmd 0x1f0 ctl 0x3f6 bmdma 0xd000 irq 14
[    0.717144] ata2: PATA max UDMA/33 cmd 0x170 ctl 0x376 bmdma 0xd008 irq 15
[    0.718612] libphy: Fixed MDIO Bus: probed
[    0.719536] tun: Universal TUN/TAP device driver, 1.6
[    0.720370] tun: (C) 1999-2004 Max Krasnyansky <maxk@qualcomm.com>
[    0.721478] PPP generic driver version 2.4.2
[    0.722492] ehci_hcd: USB 2.0 'Enhanced' Host Controller (EHCI) Driver
[    0.723526] ehci-pci: EHCI PCI platform driver
[    0.724271] ehci-platform: EHCI generic platform driver
[    0.725206] ohci_hcd: USB 1.1 'Open' Host Controller (OHCI) Driver
[    0.726241] ohci-pci: OHCI PCI platform driver
[    0.726976] ohci-platform: OHCI generic platform driver
[    0.727814] uhci_hcd: USB Universal Host Controller Interface driver
[    0.728750] i8042: PNP: PS/2 Controller [PNP0303:PS2K,PNP0f03:PS2M] at 0x60,0x64 irq 1,12
[    0.730571] serio: i8042 KBD port at 0x60,0x64 irq 1
[    0.731587] serio: i8042 AUX port at 0x60,0x64 irq 12
[    0.732555] mousedev: PS/2 mouse device common for all mice
[    0.733619] input: AT Translated Set 2 keyboard as /devices/platform/i8042/serio0/input/input2
[    0.735256] rtc_cmos rtc_cmos: rtc core: registered rtc_cmos as rtc0
[    0.736191] rtc_cmos rtc_cmos: alarms up to one day, 114 bytes nvram
[    0.737136] i2c /dev entries driver
[    0.737752] device-mapper: uevent: version 1.0.3
[    0.738539] device-mapper: ioctl: 4.34.0-ioctl (2015-10-28) initialised: dm-devel@redhat.com
[    0.739777] ledtrig-cpu: registered to indicate activity on CPUs
[    0.741196] NET: Registered protocol family 10
[    0.742279] NET: Registered protocol family 17
[    0.743110] Key type dns_resolver registered
[    0.744262] registered taskstats version 1
[    0.744886] Loading compiled-in X.509 certificates
[    0.746046] Loaded X.509 cert 'Build time autogenerated kernel key: cf00e047681d67edb2720680708b7d9498083038'
[    0.747462] zswap: loaded using pool lzo/zbud
[    0.749846] Key type trusted registered
[    0.753214] Key type encrypted registered
[    0.754063] AppArmor: AppArmor sha1 policy hashing enabled
[    0.755048] ima: No TPM chip found, activating TPM-bypass!
[    0.755826] ima: Allocated hash algorithm: sha1
[    0.756526] evm: HMAC attrs: 0x1
[    0.757329]   Magic number: 15:470:119
[    0.758007] rtc_cmos rtc_cmos: setting system clock to 2023-03-21 08:06:45 UTC (1679386005)
[    0.759331] BIOS EDD facility v0.16 2004-Jun-25, 0 devices found
[    0.760190] EDD information not available.
[    1.884579] Freeing unused kernel memory: 1492K
[    1.894668] Write protecting the kernel read-only data: 14336k
[    1.898198] Freeing unused kernel memory: 1584K
[    1.900499] Freeing unused kernel memory: 52K
Loading, please wait...
starting version 229
[    1.948521] random: systemd-udevd: uninitialized urandom read (16 bytes read, 2 bits of entropy available)
[    1.951641] random: udevadm: uninitialized urandom read (16 bytes read, 2 bits of entropy available)
[    1.951748] random: udevadm: uninitialized urandom read (16 bytes read, 2 bits of entropy available)
[    1.969198] random: systemd-udevd: uninitialized urandom read (16 bytes read, 2 bits of entropy available)
[    1.974549] random: systemd-udevd: uninitialized urandom read (16 bytes read, 2 bits of entropy available)
[    1.979382] random: systemd-udevd: uninitialized urandom read (16 bytes read, 2 bits of entropy available)
[    1.981393] random: udevadm: uninitialized urandom read (16 bytes read, 2 bits of entropy available)
[    1.981514] random: udevadm: uninitialized urandom read (16 bytes read, 2 bits of entropy available)
[    1.981917] random: udevadm: uninitialized urandom read (16 bytes read, 2 bits of entropy available)
[    1.982056] random: udevadm: uninitialized urandom read (16 bytes read, 2 bits of entropy available)
[    2.041766] Fusion MPT base driver 3.04.20
[    2.042735] Copyright (c) 1999-2008 LSI Corporation
[    2.043928] e1000: Intel(R) PRO/1000 Network Driver - version 7.3.21-k8-NAPI
[    2.045286] e1000: Copyright (c) 1999-2006 Intel Corporation.
[    2.062255] Fusion MPT SPI Host driver 3.04.20
[    2.065337] AVX2 version of gcm_enc/dec engaged.
[    2.066281] AES CTR mode by8 optimization enabled
[    2.248809] input: ImExPS/2 Generic Explorer Mouse as /devices/platform/i8042/serio1/input/input4
[    2.389260] e1000 0000:00:03.0 eth0: (PCI:33MHz:32-bit) 02:be:82:6b:cc:1d
[    2.390295] e1000 0000:00:03.0 eth0: Intel(R) PRO/1000 Network Connection
[    2.391953] mptbase: ioc0: Initiating bringup
[    2.912655] ioc0: LSI53C1030 A0: Capabilities={Initiator}
[    4.400992] scsi host2: ioc0: LSI53C1030 A0, FwRev=00000000h, Ports=1, MaxQ=256, IRQ=20
[    5.742841] scsi 2:0:0:0: Direct-Access     VBOX     HARDDISK         1.0  PQ: 0 ANSI: 5
[    5.744213] scsi target2:0:0: Beginning Domain Validation
[    5.746566] scsi target2:0:0: Domain Validation skipping write tests
[    5.754670] scsi target2:0:0: Ending Domain Validation
[    5.755712] scsi target2:0:0: asynchronous
[    5.757951] scsi 2:0:1:0: Direct-Access     VBOX     HARDDISK         1.0  PQ: 0 ANSI: 5
[    5.759935] scsi target2:0:1: Beginning Domain Validation
[    5.761539] scsi target2:0:1: Domain Validation skipping write tests
[    5.762373] scsi target2:0:1: Ending Domain Validation
[    5.763354] scsi target2:0:1: asynchronous
[    5.767667] sd 2:0:0:0: Attached scsi generic sg0 type 0
[    5.768586] sd 2:0:0:0: [sda] 83886080 512-byte logical blocks: (42.9 GB/40.0 GiB)
[    5.770289] sd 2:0:1:0: Attached scsi generic sg1 type 0
[    5.772064] sd 2:0:1:0: [sdb] 20480 512-byte logical blocks: (10.5 MB/10.0 MiB)
[    5.774803] sd 2:0:0:0: [sda] Write Protect is off
[    5.776500] sd 2:0:1:0: [sdb] Write Protect is off
[    5.778241] sd 2:0:0:0: [sda] Incomplete mode parameter data
[    5.780153] sd 2:0:0:0: [sda] Assuming drive cache: write through
[    5.781915] sd 2:0:1:0: [sdb] Incomplete mode parameter data
[    5.783315] sd 2:0:1:0: [sdb] Assuming drive cache: write through
[    5.786657]  sda: sda1
[    5.788732] sd 2:0:0:0: [sda] Attached SCSI disk
[    5.789952] sd 2:0:1:0: [sdb] Attached SCSI disk
[    6.175448] e1000 0000:00:08.0 eth1: (PCI:33MHz:32-bit) 08:00:27:fe:db:26
[    6.177527] e1000 0000:00:08.0 eth1: Intel(R) PRO/1000 Network Connection
[    6.182537] e1000 0000:00:03.0 enp0s3: renamed from eth0
[    6.194821] e1000 0000:00:08.0 enp0s8: renamed from eth1
Begin: Loading essential drivers ... [    7.619129] md: linear personality registered for level -1
[    7.631974] md: multipath personality registered for level -4
[    7.645595] md: raid0 personality registered for level 0
[    7.662152] md: raid1 personality registered for level 1
[    7.738407] raid6: sse2x1   gen() 10205 MB/s
[    7.806417] raid6: sse2x1   xor()  7573 MB/s
[    7.874388] raid6: sse2x2   gen() 14463 MB/s
[    7.942394] raid6: sse2x2   xor()  9701 MB/s
[    8.010421] raid6: sse2x4   gen() 15458 MB/s
[    8.078436] raid6: sse2x4   xor() 10369 MB/s
[    8.146390] raid6: avx2x1   gen() 20539 MB/s
[    8.214416] raid6: avx2x2   gen() 24427 MB/s
[    8.282389] raid6: avx2x4   gen() 27500 MB/s
[    8.283224] raid6: using algorithm avx2x4 gen() 27500 MB/s
[    8.284020] raid6: using avx2x2 recovery algorithm
[    8.286017] xor: automatically using best checksumming function:
[    8.362510]    avx       : 122453.000 MB/sec
[    8.364762] async_tx: api initialized (async)
[    8.373042] md: raid6 personality registered for level 6
[    8.374138] md: raid5 personality registered for level 5
[    8.375317] md: raid4 personality registered for level 4
[    8.383844] md: raid10 personality registered for level 10
done.
Begin: Running /scripts/init-premount ... done.
Begin: Mounting root file system ... Begin: Running /scripts/local-top ... done.
Begin: Running /scripts/local-premount ... [    8.413637] Btrfs loaded
Scanning for Btrfs filesystems
done.
Warning: fsck not present, so skipping root file system
[    8.441551] EXT4-fs (sda1): mounted filesystem with ordered data mode. Opts: (null)
done.
Begin: Running /scripts/local-bottom ... done.
Begin: Running /scripts/init-bottom ... done.
[    8.537950] systemd[1]: systemd 229 running in system mode. (+PAM +AUDIT +SELINUX +IMA +APPARMOR +SMACK +SYSVINIT +UTMP +LIBCRYPTSETUP +GCRYPT +GNUTLS +ACL +XZ -LZ4 +SECCOMP +BLKID +ELFUTILS +KMOD -IDN)
[    8.542329] systemd[1]: Detected virtualization oracle.
[    8.543619] systemd[1]: Detected architecture x86-64.

Welcome to [1mUbuntu 16.04.7 LTS[0m!

[    8.547575] systemd[1]: Set hostname to <ubuntu>.
[    8.550647] systemd[1]: Initializing machine ID from random generator.
[    8.552405] systemd[1]: Installed transient /etc/machine-id file.
[    8.845193] systemd[1]: Listening on LVM2 poll daemon socket.
[[0;32m  OK  [0m] Listening on LVM2 poll daemon socket.
[    8.847509] systemd[1]: Listening on Journal Socket (/dev/log).
[[0;32m  OK  [0m] Listening on Journal Socket (/dev/log).
[    8.849461] systemd[1]: Started Forward Password Requests to Wall Directory Watch.
[[0;32m  OK  [0m] Started Forward Password Requests to Wall Directory Watch.
[    8.852075] systemd[1]: Reached target User and Group Name Lookups.
[[0;32m  OK  [0m] Reached target User and Group Name Lookups.
[    8.854195] systemd[1]: Listening on udev Kernel Socket.
[[0;32m  OK  [0m] Listening on udev Kernel Socket.
[    8.862561] systemd[1]: Reached target Swap.
[[0;32m  OK  [0m] Reached target Swap.
[    8.864245] systemd[1]: Listening on Device-mapper event daemon FIFOs.
[[0;32m  OK  [0m] Listening on Device-mapper event daemon FIFOs.
[    8.866520] systemd[1]: Listening on LVM2 metadata daemon socket.
[[0;32m  OK  [0m] Listening on LVM2 metadata daemon socket.
[    8.868626] systemd[1]: Reached target Encrypted Volumes.
[[0;32m  OK  [0m] Reached target Encrypted Volumes.
[    8.870724] systemd[1]: Listening on Journal Audit Socket.
[[0;32m  OK  [0m] Listening on Journal Audit Socket.
[    8.872644] systemd[1]: Listening on Journal Socket.
[[0;32m  OK  [0m] Listening on Journal Socket.
[    8.874516] systemd[1]: Listening on Syslog Socket.
[[0;32m  OK  [0m] Listening on Syslog Socket.
[    8.876560] systemd[1]: Created slice System Slice.
[[0;32m  OK  [0m] Created slice System Slice.
[    8.890660] systemd[1]: Starting Create list of required static device nodes for the current kernel...
         Starting Create list of required st... nodes for the current kernel...
[    8.894776] systemd[1]: Starting Uncomplicated firewall...
         Starting Uncomplicated firewall...
[    8.896998] systemd[1]: Starting Journal Service...
         Starting Journal Service...
[    8.899940] systemd[1]: Mounting Debug File System...
         Mounting Debug File System...
[    8.902496] systemd[1]: Mounting POSIX Message Queue File System...
         Mounting POSIX Message Queue File System...
[    8.910832] systemd[1]: Created slice system-serial\x2dgetty.slice.
[[0;32m  OK  [0m] Created slice system-serial\x2dgetty.slice.
[    8.913493] systemd[1]: Starting Set console keymap...
         Starting Set console keymap...
[    8.915967] systemd[1]: Starting Nameserver information manager...
         Starting Nameserver information manager...
[    8.918852] systemd[1]: Listening on /dev/initctl Compatibility Named Pipe.
[[0;32m  OK  [0m] Listening on /dev/initctl Compatibility Named Pipe.
[    8.920963] systemd[1]: Listening on udev Control Socket.
[[0;32m  OK  [0m] Listening on udev Control Socket.
[    8.923003] systemd[1]: Started Trigger resolvconf update for networkd DNS.
[[0;32m  OK  [0m] Started Trigger resolvconf update for networkd DNS.
[    8.926857] systemd[1]: Starting Load Kernel Modules...
         Starting Load Kernel Modules...
[    8.928364] systemd[1]: Listening on fsck to fsckd communication Socket.
[[0;32m  OK  [0m] Listening on fsck to fsckd communication Socket.
[    8.931031] systemd[1]: Starting File System Check on Root Device...
         Starting File System Check on Root Device...
[    8.933485] systemd[1]: Set up automount Arbitrary Executable File Formats File System Automount Point.
[[0;32m  OK  [0m] Set up automount Arbitrary Executab...ats File System Automount Point.
[    8.942893] systemd[1]: Created slice User and Session Slice.
[[0;32m  OK  [0m] Created slice User and Session Slice.
[    8.944554] systemd[1]: Reached target Slices.
[[0;32m  OK  [0m] Reached target Slices.
[    8.950100] Loading iSCSI transport class v2.0-870.
[    8.956262] iscsi: registered transport (tcp)
[    8.966565] systemd[1]: Mounting Huge Pages File System...
         Mounting Huge Pages File System...
[    8.968010] systemd[1]: Reached target System Time Synchronized.
[[0;32m  OK  [0m] Reached target System Time Synchronized.
[    8.970280] systemd[1]: Starting Monitoring of LVM2 mirrors, snapshots etc. using dmeventd or progress polling...
         Starting Monitoring of LVM2 mirrors... dmeventd or progress polling...
[    8.975348] systemd[1]: Mounted Huge Pages File System.
[[0;32m  OK  [0m] Mounted Huge Pages File System.
[    8.977572] systemd[1]: Mounted POSIX Message Queue File System.
[[0;32m  OK  [0m] Mounted POSIX Message Queue File System.
[    8.979881] systemd[1]: Mounted Debug File System.
[[0;32m  OK  [0m] Mounted Debug File System.
[    8.981867] systemd[1]: Started Journal Service.
[[0;32m  OK  [0m] Started Journal Service.
[[0;32m  OK  [0m] Started Create list of required sta...ce nodes for the current kernel.
[[0;32m  OK  [0m] Started Uncomplicated firewall.
[[0;32m  OK  [0m] Started Set console keymap.
[[0;32m  OK  [0m] Started File System Check on Root Device.
[[0;32m  OK  [0m] Started LVM2 metadata daemon.
[[0;32m  OK  [0m] Started File System Check Daemon to report status.
         Starting Remount Root and Kernel File Systems...
         Starting Create Static Device Nodes in /dev...
[    9.000953] iscsi: registered transport (iser)
[[0;32m  OK  [0m] Started Nameserver information manager.
[    9.006412] EXT4-fs (sda1): re-mounted. Opts: (null)
[[0;32m  OK  [0m] Started Load Kernel Modules.
[[0;32m  OK  [0m] Started Remount Root and Kernel File Systems.
         Starting Load/Save Random Seed...
         Starting Flush Journal to Persistent Storage...
         Starting udev Coldplug all Devices...
         Starting Apply Kernel Variables...
         Mounting FUSE Control File System...
[[0;32m  OK  [0m] Mounted FUSE Control File System.
[[0;32m  OK  [0m] Started Load/Save Random Seed.
[    9.035549] systemd-journald[373]: Received request to flush runtime journal from PID 1
[[0;32m  OK  [0m] Started Apply Kernel Variables.
[[0;32m  OK  [0m] Started Flush Journal to Persistent Storage.
[[0;32m  OK  [0m] Started Create Static Device Nodes in /dev.
         Starting udev Kernel Device Manager...
[[0;32m  OK  [0m] Started udev Kernel Device Manager.
[[0;32m  OK  [0m] Started udev Coldplug all Devices.
[[0;32m  OK  [0m] Started Dispatch Password Requests to Console Directory Watch.
[[0;32m  OK  [0m] Started Monitoring of LVM2 mirrors,...ng dmeventd or progress polling.
[[0;32m  OK  [0m] Reached target Local File Systems (Pre).
[[0;32m  OK  [0m] Reached target Local File Systems.
         Starting Create Volatile Files and Directories...
         Starting Commit a transient machine-id on disk...
         Starting Set console font and keymap...
         Starting LSB: AppArmor initialization...
         Starting Initial cloud-init job (pre-networking)...
         Starting Tell Plymouth To Write Out Runtime Data...
[[0;32m  OK  [0m] Started Create Volatile Files and Directories.
[[0;32m  OK  [0m] Started Commit a transient machine-id on disk.
[[0;32m  OK  [0m] Started Tell Plymouth To Write Out Runtime Data.
[[0;32m  OK  [0m] Found device /dev/ttyS0.
         Starting Update UTMP about System Boot/Shutdown...
[[0;32m  OK  [0m] Started Update UTMP about System Boot/Shutdown.
[[0;32m  OK  [0m] Listening on Load/Save RF Kill Switch Status /dev/rfkill Watch.
[[0;32m  OK  [0m] Started LSB: AppArmor initialization.
         Starting Load AppArmor profiles managed internally by snapd...
[[0;32m  OK  [0m] Started Load AppArmor profiles managed internally by snapd.
[   11.177581] cloud-init[506]: Cloud-init v. 21.1-19-gbad84ad4-0ubuntu1~16.04.2 running 'init-local' at Tue, 21 Mar 2023 08:06:55 +0000. Up 10.81 seconds.
[[0;32m  OK  [0m] Started Set console font and keymap.
[[0;32m  OK  [0m] Created slice system-getty.slice.
[[0;32m  OK  [0m] Started Initial cloud-init job (pre-networking).
[[0;32m  OK  [0m] Reached target Network (Pre).
         Starting Raise network interfaces...
[[0;32m  OK  [0m] Started Raise network interfaces.
[[0;32m  OK  [0m] Reached target Network.
         Starting Initial cloud-init job (metadata service crawler)...
[   12.370096] cloud-init[959]: Cloud-init v. 21.1-19-gbad84ad4-0ubuntu1~16.04.2 running 'init' at Tue, 21 Mar 2023 08:06:56 +0000. Up 11.80 seconds.
[   12.371754] cloud-init[959]: ci-info: ++++++++++++++++++++++++++++++++++++++Net device info+++++++++++++++++++++++++++++++++++++++
[   12.373087] cloud-init[959]: ci-info: +--------+-------+----------------------------+---------------+--------+-------------------+
[   12.374381] cloud-init[959]: ci-info: | Device |   Up  |          Address           |      Mask     | Scope  |     Hw-Address    |
[   12.375694] cloud-init[959]: ci-info: +--------+-------+----------------------------+---------------+--------+-------------------+
[   12.380172] cloud-init[959]: ci-info: | enp0s3 |  True |         10.0.2.15          | 255.255.255.0 | global | 02:be:82:6b:cc:1d |
[   12.381367] cloud-init[959]: ci-info: | enp0s3 |  True | fe80::be:82ff:fe6b:cc1d/64 |       .       |  link  | 02:be:82:6b:cc:1d |
[   12.384188] cloud-init[959]: ci-info: | enp0s8 | False |             .              |       .       |   .    | 08:00:27:fe:db:26 |
[   12.386256] cloud-init[959]: ci-info: |   lo   |  True |         127.0.0.1          |   255.0.0.0   |  host  |         .         |
[   12.388334] cloud-init[959]: ci-info: |   lo   |  True |          ::1/128           |       .       |  host  |         .         |
[   12.408192] cloud-init[959]: ci-info: +--------+-------+----------------------------+---------------+--------+-------------------+
[   12.412238] cloud-init[959]: ci-info: +++++++++++++++++++++++++++Route IPv4 info++++++++++++++++++++++++++++
[   12.415574] cloud-init[959]: ci-info: +-------+-------------+----------+---------------+-----------+-------+
[   12.419136] cloud-init[959]: ci-info: | Route | Destination | Gateway  |    Genmask    | Interface | Flags |
[   12.422904] cloud-init[959]: ci-info: +-------+-------------+----------+---------------+-----------+-------+
[   12.424271] cloud-init[959]: ci-info: |   0   |   0.0.0.0   | 10.0.2.2 |    0.0.0.0    |   enp0s3  |   UG  |
[   12.426403] cloud-init[959]: ci-info: |   1   |   10.0.2.0  | 0.0.0.0  | 255.255.255.0 |   enp0s3  |   U   |
[   12.429566] cloud-init[959]: ci-info: +-------+-------------+----------+---------------+-----------+-------+
[   12.435712] cloud-init[959]: ci-info: +++++++++++++++++++Route IPv6 info+++++++++++++++++++
[   12.439968] cloud-init[959]: ci-info: +-------+-------------+---------+-----------+-------+
[   12.441800] cloud-init[959]: ci-info: | Route | Destination | Gateway | Interface | Flags |
[   12.445198] cloud-init[959]: ci-info: +-------+-------------+---------+-----------+-------+
[   12.448368] cloud-init[959]: ci-info: |   0   |  fe80::/64  |    ::   |   enp0s3  |   U   |
[   12.451546] cloud-init[959]: ci-info: |   3   |   ff00::/8  |    ::   |   enp0s3  |   U   |
[   12.454957] cloud-init[959]: ci-info: +-------+-------------+---------+-----------+-------+
[   12.458636] cloud-init[959]: Generating public/private rsa key pair.
[   12.461827] cloud-init[959]: Your identification has been saved in /etc/ssh/ssh_host_rsa_key.
[   12.465666] cloud-init[959]: Your public key has been saved in /etc/ssh/ssh_host_rsa_key.pub.
[   12.470038] cloud-init[959]: The key fingerprint is:
[   12.474977] cloud-init[959]: SHA256:KM3Y43w0967l3qFGQxNMFK8jc2Muq2gnpx2GP2zSJJg root@ubuntu-xenial
[   12.481252] cloud-init[959]: The key's randomart image is:
[   12.485491] cloud-init[959]: +---[RSA 2048]----+
[   12.488814] cloud-init[959]: |           ++.   |
[   12.491189] cloud-init[959]: |            o.   |
[   12.494399] cloud-init[959]: |             ..  |
[   12.495487] cloud-init[959]: |     = .    o.   |
[   12.496403] cloud-init[959]: |    oo* S +.*.   |
[   12.497252] cloud-init[959]: |    E+.+.o Boo   |
[   12.499528] cloud-init[959]: |      +=+ ..+..  |
[   12.508173] cloud-init[959]: |      +*B. *.o . |
[   12.509325] cloud-init[959]: |     .oB+oo+= .  |
[   12.511290] cloud-init[959]: +----[SHA256]-----+
[   12.513208] cloud-init[959]: Generating public/private dsa key pair.
[   12.515714] cloud-init[959]: Your identification has been saved in /etc/ssh/ssh_host_dsa_key.
[   12.519116] cloud-init[959]: Your public key has been saved in /etc/ssh/ssh_host_dsa_key.pub.[[0;32m  OK  [0m] Started Initial cloud-init job (metadata service crawler).
[[0;32m  OK  [0m] Reached target System Initialization.
[[0;32m  OK  [0m] Started Ubuntu Advantage update messaging.
[[0;32m  OK  [0m] Listening on ACPID Listen Socket.
         Starting Socket activation for snappy daemon.
[[0;32m  OK  [0m] Started Message of the Day.
[[0;32m  OK  [0m] Started Daily Cleanup of Temporary Directories.

[[0;32m  OK  [0m[   12.530981] cloud-init[959]: The key fingerprint is:
[   12.531128] cloud-init[959]: SHA256:jbMyGR8lS27jLnifFsyY0z6tQXIHJxOPDmZENCc692E root@ubuntu-xenial
[   12.537883] cloud-init[959]: The key's randomart image is:
[   12.538773] cloud-init[959]: +---[DSA 1024]----+
[   12.542880] cloud-init[959]: |     o* o        |
[   12.544451] cloud-init[959]: |     o + +       |
[   12.545871] cloud-init[959]: |    o = E +      |
[   12.546012] cloud-init[959]: |     = B %       |
[   12.550499] cloud-init[959]: |      o*S o      |
[   12.550891] cloud-init[959]: |      +X=*       |
[   12.551369] cloud-init[959]: |     .+o=o       |
[   12.551503] cloud-init[959]: |    . o++o.      |
[   12.551694] cloud-init[959]: |     . +=o       |
[   12.551773] cloud-init[959]: +----[SHA256]-----+
] Started ACPI Events Check.
[   12.552145] cloud-init[959]: Generating public/private ecdsa key pair.
[   12.552734] cloud-init[959]: Your identification has been saved in /etc/ssh/ssh_host_ecdsa_key.
[   12.552855] cloud-init[959]: Your public key has been saved in /etc/ssh/ssh_host_ecdsa_key.pub.
[   12.557516] cloud-init[959]: The key fingerprint is:
[   12.558071] cloud-init[959]: SHA256:yaHEn11iDwE4+lJJYnGhvOJf7T/cpst12WKZKVwNMDM root@ubuntu-xenial
[   12.566830] cloud-init[959]: The key's randomart image is:
[   12.566911] cloud-init[959]: +---[ECDSA 256]---+
[   12.567309] cloud-init[959]: |    ..oo... E    |
[   12.567677] cloud-init[959]: |   .o++    . =   |
[[0;32m  OK  [0m] Reached target Paths.
[   12.567965] cloud-init[959]: |   .o+oo. + . .  |
[[   12.568191] [0;32m  OK  [0mcloud-init] [959]: Started Daily apt download activities.|    .oo+ * =   o |

[   12.570999] cloud-init[959]: |  . .o. S . . . .|
[   12.571131] cloud-init[959]: | . .. ..   . . * |
[   12.571497] cloud-init[959]: |  .  .. .. .+ O .|
[   12.571880] cloud-init[959]: |   . . . .o.o+ . |
[   12.572368] cloud-init[959]: |    .   ..==     |
[   12.572641] cloud-init[959]: +----[SHA256]-----+
[   12.572762] cloud-init[959]: Generating public/private ed25519 key pair.
[   12.573004] cloud-init[959]: Your identification has been saved in /etc/ssh/ssh_host_ed25519_key.
[   12.573288] cloud-init[959]: Your public key has been saved in /etc/ssh/ssh_host_ed25519_key.pub.
[   12.573392] cloud-init[959]: The key fingerprint is:
[   12.573829] cloud-init[959]: SHA256:25oGDoX0Wbien7Gmz+WCE9wpDqASqoiTWvpuBk6XD/4 root@ubuntu-xenial
[   12.574237] cloud-init[959]: The key's randomart image is:
[   12.575091] cloud-init[959]: +--[ED25519 256]--+
[   12.575480] cloud-init[959]: |       .         |
[   12.575960] cloud-init[959]: |    . . .        |
[   12.576608] cloud-init[959]: |   . o +         |
[[0;32m  OK  [0m] Started Daily apt upgrade and clean activities.
[   12.577126] cloud-init[959]: |. . . =          |
[   12.577270] cloud-init[959]: |.o ..+ oS.       |
[   12.582251] cloud-init[959]: |=. +o B +o       |
[   12.582385] cloud-init[959]: |Bo+ o= *.+o      |
[   12.582497] cloud-init[959]: |*+o. .=.B=       |
[   12.583172] cloud-init[959]: |+*o .E.*=..      |
[   12.583408] cloud-init[959]: +----[SHA256]-----+
[[0;32m  OK  [0m] Reached target Timers.
         Starting LXD - unix socket.
[[0;32m  OK  [0m] Listening on D-Bus System Message Bus Socket.
[[0;32m  OK  [0m] Listening on UUID daemon activation socket.
[[0;32m  OK  [0m] Reached target Cloud-config availability.
[[0;32m  OK  [0m] Reached target Network is Online.
         Starting iSCSI initiator daemon (iscsid)...
[[0;32m  OK  [0m] Listening on Socket activation for snappy daemon.
[[0;32m  OK  [0m] Listening on LXD - unix socket.
[[0;32m  OK  [0m] Reached target Sockets.
[[0;32m  OK  [0m] Reached target Basic System.
[[0;32m  OK  [0m] Started Deferred execution scheduler.
         Starting LSB: MD monitoring daemon...
         Starting /etc/rc.local Compatibility...
[[0;32m  OK  [0m] Started Regular background program processing daemon.
[[0;32m  OK  [0m] Started D-Bus System Message Bus.
         Starting Virtualbox guest utils...
         Starting Accounts Service...
[[0;32m  OK  [0m] Started ACPI event daemon.
         Starting Pollinate to seed the pseudo random number generator...
[[0;32m  OK  [0m] Started FUSE filesystem for LXC.
         Starting LXD - container startup/shutdown...
         Starting System Logging Service...
         Starting LSB: Record successful boot for GRUB...
         Starting Login Service...
         Starting Snap Daemon...
[[0;32m  OK  [0m] Started /etc/rc.local Compatibility.
[[0;32m  OK  [0m] Started System Logging Service.
[[0;32m  OK  [0m] Started Login Service.
[[0;32m  OK  [0m] Started Unattended Upgrades Shutdown.
[[0;32m  OK  [0m] Started iSCSI initiator daemon (iscsid).
         Starting Login to default iSCSI targets...
[[0;32m  OK  [0m] Started LSB: MD monitoring daemon.
[[0;32m  OK  [0m] Started LSB: Record successful boot for GRUB.
         Starting Authenticate and Authorize Users to Run Privileged Tasks...
[[0;32m  OK  [0m] Started Login to default iSCSI targets.
[[0;32m  OK  [0m] Reached target Remote File Systems (Pre).
[[0;32m  OK  [0m] Reached target Remote File Systems.
         Starting LSB: automatic crash report generation...
         Starting Permit User Sessions...
         Starting LSB: Set the CPU Frequency Scaling governor to "ondemand"...
         Starting LSB: daemon to balance interrupts for SMP systems...
[[0;32m  OK  [0m] Started Permit User Sessions.
         Starting Hold until boot process finishes up...
         Starting Terminate Plymouth Boot Screen...
[[0;32m  OK  [0m] Started Hold until boot process finishes up.
         Starting Set console scheme...
[[0;32m  OK  [0m] Started Serial Getty on ttyS0.
[[0;32m  OK  [0m] Started Getty on tty1.
[[0;32m  OK  [0m] Reached target Login Prompts.
[[0;32m  OK  [0m] Started LXD - container startup/shutdown.
[[0;32m  OK  [0m] Started Terminate Plymouth Boot Screen.
[[0;32m  OK  [0m] Started Set console scheme.
[[0;32m  OK  [0m] Started LSB: Set the CPU Frequency Scaling governor to "ondemand".
[[0;32m  OK  [0m] Started Authenticate and Authorize Users to Run Privileged Tasks.
[[0;32m  OK  [0m] Started LSB: daemon to balance interrupts for SMP systems.
[[0;32m  OK  [0m] Started Accounts Service.
[[0;32m  OK  [0m] Started LSB: automatic crash report generation.
[[0;32m  OK  [0m] Started Virtualbox guest utils.
[[0;32m  OK  [0m] Started Snap Daemon.
         Starting Wait until snapd is fully seeded...
[[0;32m  OK  [0m] Started Pollinate to seed the pseudo random number generator.
         Starting OpenBSD Secure Shell server...
[[0;32m  OK  [0m] Started OpenBSD Secure Shell server.
[[0;32m  OK  [0m] Created slice User Slice of vagrant.
         Starting User Manager for UID 1000...
[[0;32m  OK  [0m] Started Session 1 of user vagrant.
[[0;32m  OK  [0m] Started User Manager for UID 1000.
[[0;32m  OK  [0m] Started Wait until snapd is fully seeded.
         Starting Apply the settings specified in cloud-config...
[[0;32m  OK  [0m] Reached target Multi-User System.
[[0;32m  OK  [0m] Reached target Graphical Interface.
         Starting Update UTMP about System Runlevel Changes...
[[0;32m  OK  [0m] Started Update UTMP about System Runlevel Changes.
[   14.737451] cloud-init[1378]: Generating locales (this might take a while)...
[   15.874628] cloud-init[1378]:   en_US.UTF-8... done
[   15.878857] cloud-init[1378]: Generation complete.
[   16.219005] cloud-init[1378]: Cloud-init v. 21.1-19-gbad84ad4-0ubuntu1~16.04.2 running 'modules:config' at Tue, 21 Mar 2023 08:06:59 +0000. Up 14.61 seconds.
[[0;32m  OK  [0m] Started Apply the settings specified in cloud-config.
         Starting Execute cloud user/final scripts...
ci-info: no authorized SSH keys fingerprints found for user ubuntu.
<14>Mar 21 08:07:01 ec2: 
<14>Mar 21 08:07:01 ec2: #############################################################
<14>Mar 21 08:07:01 ec2: -----BEGIN SSH HOST KEY FINGERPRINTS-----
<14>Mar 21 08:07:01 ec2: 1024 SHA256:jbMyGR8lS27jLnifFsyY0z6tQXIHJxOPDmZENCc692E root@ubuntu-xenial (DSA)
<14>Mar 21 08:07:01 ec2: 256 SHA256:yaHEn11iDwE4+lJJYnGhvOJf7T/cpst12WKZKVwNMDM root@ubuntu-xenial (ECDSA)
<14>Mar 21 08:07:01 ec2: 256 SHA256:25oGDoX0Wbien7Gmz+WCE9wpDqASqoiTWvpuBk6XD/4 root@ubuntu-xenial (ED25519)
<14>Mar 21 08:07:01 ec2: 2048 SHA256:KM3Y43w0967l3qFGQxNMFK8jc2Muq2gnpx2GP2zSJJg root@ubuntu-xenial (RSA)
<14>Mar 21 08:07:01 ec2: -----END SSH HOST KEY FINGERPRINTS-----
<14>Mar 21 08:07:01 ec2: #############################################################
-----BEGIN SSH HOST KEY KEYS-----
ecdsa-sha2-nistp256 AAAAE2VjZHNhLXNoYTItbmlzdHAyNTYAAAAIbmlzdHAyNTYAAABBBBXcPm1NP3mzhSTfH98F5pHDIEZc7UF35XP2yHVa32muvt0aDiQ4XU3ffNAhEtw0zDvUpyLSRHeOKC/o0aM9ORI= root@ubuntu-xenial
ssh-ed25519 AAAAC3NzaC1lZDI1NTE5AAAAIBSyqp5arJgEZkIBysowhLdK5icRYe+mg7gj+BwBQEWp root@ubuntu-xenial
ssh-rsa AAAAB3NzaC1yc2EAAAADAQABAAABAQC/IyZN++VbGAXO/UwYCv7TjCkTTcmjoEwreJu/8ps4bNI2Bczi5xFCGZGKHpZgnpLueqHgw9KcnFCIHPnIuMYmlsqwt9f2xt5YaozGzXJqdTgb/jQoxhZfFvmRf+8IYOAZhzOyS8LPDSxUOEH1hFbqdXai04uFnsRfk1JPBWrsCzeCM/giROT+P3//ZVV1AeeHb9fvibEnJIZOF/vY4MAtqsAl8BjdBbKn9oSe0/xgGKcoee1rgvm2MrQyxb4cJadqqoO8cxJrVkRWBoWRKzVCl5MGYRReJzzBFGqW6/XSDmaIW3wxuEFAROq9WNA3jLjfgGYUc6fWnFaVDqc9/TOb root@ubuntu-xenial
-----END SSH HOST KEY KEYS-----
[   16.766458] cloud-init[1507]: Cloud-init v. 21.1-19-gbad84ad4-0ubuntu1~16.04.2 running 'modules:final' at Tue, 21 Mar 2023 08:07:01 +0000. Up 16.61 seconds.
[   16.768305] cloud-init[1507]: ci-info: no authorized SSH keys fingerprints found for user ubuntu.
[   16.769854] cloud-init[1507]: Cloud-init v. 21.1-19-gbad84ad4-0ubuntu1~16.04.2 finished at Tue, 21 Mar 2023 08:07:01 +0000. Datasource DataSourceNoCloud [seed=/dev/sdb][dsmode=net].  Up 16.75 seconds
[[0;32m  OK  [0m] Started Execute cloud user/final scripts.
[[0;32m  OK  [0m] Reached target Cloud-init target.

Ubuntu 16.04.7 LTS ubuntu-xenial ttyS0

ubuntu-xenial login: 