[    0.000000] Initializing cgroup subsys cpuset
[    0.000000] Initializing cgroup subsys cpu
[    0.000000] Initializing cgroup subsys cpuacct
[    0.000000] Linux version 4.4.0-210-generic (buildd@lgw01-amd64-009) (gcc version 5.4.0 20160609 (Ubuntu 5.4.0-6ubuntu1~16.04.12) ) #242-Ubuntu SMP Fri Apr 16 09:57:56 UTC 2021 (Ubuntu 4.4.0-210.242-generic 4.4.262)
[    0.000000] Command line: BOOT_IMAGE=/boot/vmlinuz-4.4.0-210-generic root=LABEL=cloudimg-rootfs ro console=tty1 console=ttyS0
[    0.000000] KERNEL supported cpus:
[    0.000000]   Intel GenuineIntel
[    0.000000]   AMD AuthenticAMD
[    0.000000]   Centaur CentaurHauls
[    0.000000] x86/fpu: xstate_offset[2]:  576, xstate_sizes[2]:  256
[    0.000000] x86/fpu: Supporting XSAVE feature 0x01: 'x87 floating point registers'
[    0.000000] x86/fpu: Supporting XSAVE feature 0x02: 'SSE registers'
[    0.000000] x86/fpu: Supporting XSAVE feature 0x04: 'AVX registers'
[    0.000000] x86/fpu: Enabled xstate features 0x7, context size is 832 bytes, using 'standard' format.
[    0.000000] e820: BIOS-provided physical RAM map:
[    0.000000] BIOS-e820: [mem 0x0000000000000000-0x000000000009fbff] usable
[    0.000000] BIOS-e820: [mem 0x000000000009fc00-0x000000000009ffff] reserved
[    0.000000] BIOS-e820: [mem 0x00000000000f0000-0x00000000000fffff] reserved
[    0.000000] BIOS-e820: [mem 0x0000000000100000-0x00000000417effff] usable
[    0.000000] BIOS-e820: [mem 0x00000000417f0000-0x00000000417fffff] ACPI data
[    0.000000] BIOS-e820: [mem 0x00000000fec00000-0x00000000fec00fff] reserved
[    0.000000] BIOS-e820: [mem 0x00000000fee00000-0x00000000fee00fff] reserved
[    0.000000] BIOS-e820: [mem 0x00000000fffc0000-0x00000000ffffffff] reserved
[    0.000000] NX (Execute Disable) protection: active
[    0.000000] SMBIOS 2.5 present.
[    0.000000] Hypervisor detected: KVM
[    0.000000] e820: last_pfn = 0x417f0 max_arch_pfn = 0x400000000
[    0.000000] MTRR: Disabled
[    0.000000] x86/PAT: MTRRs disabled, skipping PAT initialization too.
[    0.000000] CPU MTRRs all blank - virtualized system.
[    0.000000] x86/PAT: Configuration [0-7]: WB  WT  UC- UC  WB  WT  UC- UC  
[    0.000000] found SMP MP-table at [mem 0x0009fff0-0x0009ffff] mapped at [ffff88000009fff0]
[    0.000000] Scanning 1 areas for low memory corruption
[    0.000000] RAMDISK: [mem 0x362dc000-0x37165fff]
[    0.000000] ACPI: Early table checksum verification disabled
[    0.000000] ACPI: RSDP 0x00000000000E0000 000024 (v02 VBOX  )
[    0.000000] ACPI: XSDT 0x00000000417F0030 00003C (v01 VBOX   VBOXXSDT 00000001 ASL  00000061)
[    0.000000] ACPI: FACP 0x00000000417F00F0 0000F4 (v04 VBOX   VBOXFACP 00000001 ASL  00000061)
[    0.000000] ACPI: DSDT 0x00000000417F0470 002325 (v02 VBOX   VBOXBIOS 00000002 INTL 20200925)
[    0.000000] ACPI: FACS 0x00000000417F0200 000040
[    0.000000] ACPI: FACS 0x00000000417F0200 000040
[    0.000000] ACPI: APIC 0x00000000417F0240 000054 (v02 VBOX   VBOXAPIC 00000001 ASL  00000061)
[    0.000000] ACPI: SSDT 0x00000000417F02A0 0001CC (v01 VBOX   VBOXCPUT 00000002 INTL 20200925)
[    0.000000] No NUMA configuration found
[    0.000000] Faking a node at [mem 0x0000000000000000-0x00000000417effff]
[    0.000000] NODE_DATA(0) allocated [mem 0x417eb000-0x417effff]
[    0.000000] kvm-clock: Using msrs 4b564d01 and 4b564d00
[    0.000000] kvm-clock: cpu 0, msr 0:417e3001, primary cpu clock
[    0.000000] kvm-clock: using sched offset of 3149282393 cycles
[    0.000000] clocksource: kvm-clock: mask: 0xffffffffffffffff max_cycles: 0x1cd42e4dffb, max_idle_ns: 881590591483 ns
[    0.000000] Zone ranges:
[    0.000000]   DMA      [mem 0x0000000000001000-0x0000000000ffffff]
[    0.000000]   DMA32    [mem 0x0000000001000000-0x00000000417effff]
[    0.000000]   Normal   empty
[    0.000000]   Device   empty
[    0.000000] Movable zone start for each node
[    0.000000] Early memory node ranges
[    0.000000]   node   0: [mem 0x0000000000001000-0x000000000009efff]
[    0.000000]   node   0: [mem 0x0000000000100000-0x00000000417effff]
[    0.000000] Initmem setup node 0 [mem 0x0000000000001000-0x00000000417effff]
[    0.000000] ACPI: PM-Timer IO Port: 0x4008
[    0.000000] IOAPIC[0]: apic_id 1, version 32, address 0xfec00000, GSI 0-23
[    0.000000] ACPI: INT_SRC_OVR (bus 0 bus_irq 0 global_irq 2 dfl dfl)
[    0.000000] ACPI: INT_SRC_OVR (bus 0 bus_irq 9 global_irq 9 low level)
[    0.000000] Using ACPI (MADT) for SMP configuration information
[    0.000000] smpboot: Allowing 1 CPUs, 0 hotplug CPUs
[    0.000000] PM: Registered nosave memory: [mem 0x00000000-0x00000fff]
[    0.000000] PM: Registered nosave memory: [mem 0x0009f000-0x0009ffff]
[    0.000000] PM: Registered nosave memory: [mem 0x000a0000-0x000effff]
[    0.000000] PM: Registered nosave memory: [mem 0x000f0000-0x000fffff]
[    0.000000] e820: [mem 0x41800000-0xfebfffff] available for PCI devices
[    0.000000] Booting paravirtualized kernel on KVM
[    0.000000] clocksource: refined-jiffies: mask: 0xffffffff max_cycles: 0xffffffff, max_idle_ns: 7645519600211568 ns
[    0.000000] setup_percpu: NR_CPUS:512 nr_cpumask_bits:512 nr_cpu_ids:1 nr_node_ids:1
[    0.000000] PERCPU: Embedded 33 pages/cpu @ffff880041400000 s95192 r8192 d31784 u2097152
[    0.000000] Built 1 zonelists in Node order, mobility grouping on.  Total pages: 263960
[    0.000000] Policy zone: DMA32
[    0.000000] Kernel command line: BOOT_IMAGE=/boot/vmlinuz-4.4.0-210-generic root=LABEL=cloudimg-rootfs ro console=tty1 console=ttyS0
[    0.000000] PID hash table entries: 4096 (order: 3, 32768 bytes)
[    0.000000] Memory: 1020452K/1072696K available (8644K kernel code, 1332K rwdata, 4044K rodata, 1492K init, 1164K bss, 52244K reserved, 0K cma-reserved)
[    0.000000] SLUB: HWalign=64, Order=0-3, MinObjects=0, CPUs=1, Nodes=1
[    0.000000] Kernel/User page tables isolation: enabled
[    0.000000] Hierarchical RCU implementation.
[    0.000000] 	Build-time adjustment of leaf fanout to 64.
[    0.000000] 	RCU restricting CPUs from NR_CPUS=512 to nr_cpu_ids=1.
[    0.000000] RCU: Adjusting geometry for rcu_fanout_leaf=64, nr_cpu_ids=1
[    0.000000] NR_IRQS:33024 nr_irqs:256 16
[    0.000000] Console: colour VGA+ 80x25
[    0.000000] console [tty1] enabled
[    0.000000] console [ttyS0] enabled
[    0.000000] tsc: Detected 3392.126 MHz processor
[    0.101163] Calibrating delay loop (skipped) preset value.. 6784.25 BogoMIPS (lpj=13568504)
[    0.102385] pid_max: default: 32768 minimum: 301
[    0.103046] ACPI: Core revision 20150930
[    0.104340] ACPI: 2 ACPI AML tables successfully acquired and loaded
[    0.105438] Security Framework initialized
[    0.106059] Yama: becoming mindful.
[    0.106637] AppArmor: AppArmor initialized
[    0.107888] Dentry cache hash table entries: 262144 (order: 9, 2097152 bytes)
[    0.109255] Inode-cache hash table entries: 131072 (order: 8, 1048576 bytes)
[    0.110964] Mount-cache hash table entries: 4096 (order: 3, 32768 bytes)
[    0.111873] Mountpoint-cache hash table entries: 4096 (order: 3, 32768 bytes)
[    0.113017] Initializing cgroup subsys io
[    0.113663] Initializing cgroup subsys memory
[    0.114296] Initializing cgroup subsys devices
[    0.114931] Initializing cgroup subsys freezer
[    0.115589] Initializing cgroup subsys net_cls
[    0.116233] Initializing cgroup subsys perf_event
[    0.116941] Initializing cgroup subsys net_prio
[    0.117601] Initializing cgroup subsys hugetlb
[    0.118245] Initializing cgroup subsys pids
[    0.124999] mce: CPU supports 0 MCE banks
[    0.125703] process: using mwait in idle threads
[    0.126426] Last level iTLB entries: 4KB 1024, 2MB 1024, 4MB 1024
[    0.127279] Last level dTLB entries: 4KB 1024, 2MB 1024, 4MB 1024, 1GB 4
[    0.128184] Spectre V1 : Mitigation: usercopy/swapgs barriers and __user pointer sanitization
[    0.129397] Spectre V2 : Mitigation: Full generic retpoline
[    0.130158] Spectre V2 : Spectre v2 / SpectreRSB mitigation: Filling RSB on context switch
[    0.131347] Speculative Store Bypass: Vulnerable
[    0.132049] SRBDS: Unknown: Dependent on hypervisor status
[    0.132920] MDS: Mitigation: Clear CPU buffers
[    0.154745] Freeing SMP alternatives memory: 36K
[    0.160078] ftrace: allocating 32380 entries in 127 pages
[    0.206868] smpboot: APIC(0) Converting physical 0 to logical package 0
[    0.208325] smpboot: Max logical packages: 1
[    0.209248] x2apic enabled
[    0.210026] Switched APIC routing to physical x2apic.
[    0.211894] ..TIMER: vector=0x30 apic1=0 pin1=2 apic2=-1 pin2=-1
[    0.320999] smpboot: CPU0: Intel(R) Core(TM) i7-4770 CPU @ 3.40GHz (family: 0x6, model: 0x3c, stepping: 0x3)
[    0.322958] Performance Events: unsupported p6 CPU model 60 no PMU driver, software events only.
[    0.333299] KVM setup paravirtual spinlock
[    0.334791] x86: Booted up 1 node, 1 CPUs
[    0.335557] smpboot: Total of 1 processors activated (6784.25 BogoMIPS)
[    0.337618] devtmpfs: initialized
[    0.339455] evm: security.selinux
[    0.340196] evm: security.SMACK64
[    0.340915] evm: security.SMACK64EXEC
[    0.341656] evm: security.SMACK64TRANSMUTE
[    0.342416] evm: security.SMACK64MMAP
[    0.343189] evm: security.ima
[    0.343787] evm: security.capability
[    0.344699] clocksource: jiffies: mask: 0xffffffff max_cycles: 0xffffffff, max_idle_ns: 7645041785100000 ns
[    0.346463] futex hash table entries: 256 (order: 2, 16384 bytes)
[    0.347604] pinctrl core: initialized pinctrl subsystem
[    0.348686] RTC time: 22:21:53, date: 03/20/23
[    0.349744] NET: Registered protocol family 16
[    0.350802] cpuidle: using governor ladder
[    0.351676] cpuidle: using governor menu
[    0.352422] PCCT header not found.
[    0.353240] ACPI: bus type PCI registered
[    0.354095] acpiphp: ACPI Hot Plug PCI Controller Driver version: 0.5
[    0.355404] PCI: Using configuration type 1 for base access
[    0.357778] ACPI: Added _OSI(Module Device)
[    0.358643] ACPI: Added _OSI(Processor Device)
[    0.359509] ACPI: Added _OSI(3.0 _SCP Extensions)
[    0.360415] ACPI: Added _OSI(Processor Aggregator Device)
[    0.361929] ACPI: Executed 1 blocks of module-level executable AML code
[    0.364485] ACPI: Interpreter enabled
[    0.365238] ACPI: (supports S0 S5)
[    0.365900] ACPI: Using IOAPIC for interrupt routing
[    0.366858] PCI: Using host bridge windows from ACPI; if necessary, use "pci=nocrs" and report a bug
[    0.370829] ACPI: PCI Root Bridge [PCI0] (domain 0000 [bus 00-ff])
[    0.371929] acpi PNP0A03:00: _OSC: OS supports [ASPM ClockPM Segments MSI]
[    0.373256] acpi PNP0A03:00: _OSC: not requesting OS control; OS requires [ExtendedConfig ASPM ClockPM MSI]
[    0.374870] acpi PNP0A03:00: fail to add MMCONFIG information, can't access extended PCI configuration space under this bridge.
[    0.377058] PCI host bridge to bus 0000:00
[    0.377824] pci_bus 0000:00: root bus resource [io  0x0000-0x0cf7 window]
[    0.378913] pci_bus 0000:00: root bus resource [io  0x0d00-0xffff window]
[    0.380103] pci_bus 0000:00: root bus resource [mem 0x000a0000-0x000bffff window]
[    0.381494] pci_bus 0000:00: root bus resource [mem 0x41800000-0xfdffffff window]
[    0.382790] pci_bus 0000:00: root bus resource [bus 00-ff]
[    0.384836] pci 0000:00:01.1: legacy IDE quirk: reg 0x10: [io  0x01f0-0x01f7]
[    0.386042] pci 0000:00:01.1: legacy IDE quirk: reg 0x14: [io  0x03f6]
[    0.387126] pci 0000:00:01.1: legacy IDE quirk: reg 0x18: [io  0x0170-0x0177]
[    0.388306] pci 0000:00:01.1: legacy IDE quirk: reg 0x1c: [io  0x0376]
[    0.405413] pci 0000:00:07.0: quirk: [io  0x4000-0x403f] claimed by PIIX4 ACPI
[    0.406776] pci 0000:00:07.0: quirk: [io  0x4100-0x410f] claimed by PIIX4 SMB
[    0.413058] ACPI: PCI Interrupt Link [LNKA] (IRQs 5 9 10 *11)
[    0.414517] ACPI: PCI Interrupt Link [LNKB] (IRQs 5 9 *10 11)
[    0.415890] ACPI: PCI Interrupt Link [LNKC] (IRQs 5 *9 10 11)
[    0.417151] ACPI: PCI Interrupt Link [LNKD] (IRQs 5 9 10 *11)
[    0.418460] ACPI: Enabled 2 GPEs in block 00 to 07
[    0.419598] vgaarb: setting as boot device: PCI:0000:00:02.0
[    0.420541] vgaarb: device added: PCI:0000:00:02.0,decodes=io+mem,owns=io+mem,locks=none
[    0.422023] vgaarb: loaded
[    0.422591] vgaarb: bridge control possible 0000:00:02.0
[    0.424014] SCSI subsystem initialized
[    0.424834] ACPI: bus type USB registered
[    0.425714] usbcore: registered new interface driver usbfs
[    0.426762] usbcore: registered new interface driver hub
[    0.427829] usbcore: registered new device driver usb
[    0.428937] PCI: Using ACPI for IRQ routing
[    0.430012] NetLabel: Initializing
[    0.430661] NetLabel:  domain hash size = 128
[    0.431557] NetLabel:  protocols = UNLABELED CIPSOv4
[    0.432545] NetLabel:  unlabeled traffic allowed by default
[    0.433802] amd_nb: Cannot enumerate AMD northbridges
[    0.434853] clocksource: Switched to clocksource kvm-clock
[    0.443504] AppArmor: AppArmor Filesystem Enabled
[    0.444464] pnp: PnP ACPI init
[    0.445678] pnp: PnP ACPI: found 3 devices
[    0.451817] clocksource: acpi_pm: mask: 0xffffff max_cycles: 0xffffff, max_idle_ns: 2085701024 ns
[    0.453529] NET: Registered protocol family 2
[    0.454461] TCP established hash table entries: 16384 (order: 5, 131072 bytes)
[    0.455846] TCP bind hash table entries: 16384 (order: 6, 262144 bytes)
[    0.457607] TCP: Hash tables configured (established 16384 bind 16384)
[    0.458776] UDP hash table entries: 1024 (order: 3, 32768 bytes)
[    0.459856] UDP-Lite hash table entries: 1024 (order: 3, 32768 bytes)
[    0.460985] NET: Registered protocol family 1
[    0.461752] pci 0000:00:00.0: Limiting direct PCI/PCI transfers
[    0.462777] pci 0000:00:01.0: Activating ISA DMA hang workarounds
[    0.464026] Unpacking initramfs...
[    0.626302] Freeing initrd memory: 14888K
[    0.627299] RAPL PMU detected, API unit is 2^-32 Joules, 4 fixed counters 10737418240 ms ovfl timer
[    0.628880] hw unit of domain pp0-core 2^-0 Joules
[    0.629767] hw unit of domain package 2^-0 Joules
[    0.630590] hw unit of domain dram 2^-0 Joules
[    0.631455] hw unit of domain pp1-gpu 2^-0 Joules
[    0.632365] clocksource: tsc: mask: 0xffffffffffffffff max_cycles: 0x30e54090027, max_idle_ns: 440795236407 ns
[    0.634092] platform rtc_cmos: registered platform RTC device (no PNP device found)
[    0.635513] Scanning for low memory corruption every 60 seconds
[    0.636739] audit: initializing netlink subsys (disabled)
[    0.637647] audit: type=2000 audit(1679350918.106:1): initialized
[    0.638904] Initialise system trusted keyring
[    0.639848] HugeTLB registered 2 MB page size, pre-allocated 0 pages
[    0.641804] zbud: loaded
[    0.642541] VFS: Disk quotas dquot_6.6.0
[    0.643353] VFS: Dquot-cache hash table entries: 512 (order 0, 4096 bytes)
[    0.644615] squashfs: version 4.0 (2009/01/31) Phillip Lougher
[    0.645739] fuse init (API version 7.23)
[    0.646554] Key type big_key registered
[    0.647334] Allocating IMA MOK and blacklist keyrings.
[    0.648357] Key type asymmetric registered
[    0.649136] Asymmetric key parser 'x509' registered
[    0.650055] Block layer SCSI generic (bsg) driver version 0.4 loaded (major 249)
[    0.651508] io scheduler noop registered
[    0.652213] io scheduler deadline registered (default)
[    0.653123] io scheduler cfq registered
[    0.653909] pci_hotplug: PCI Hot Plug PCI Core version: 0.5
[    0.654881] pciehp: PCI Express Hot Plug Controller Driver version: 0.4
[    0.656176] ACPI: AC Adapter [AC] (on-line)
[    0.656974] input: Power Button as /devices/LNXSYSTM:00/LNXPWRBN:00/input/input0
[    0.658291] ACPI: Power Button [PWRF]
[    0.659023] input: Sleep Button as /devices/LNXSYSTM:00/LNXSLPBN:00/input/input1
[    0.660401] ACPI: Sleep Button [SLPF]
[    0.661165] GHES: HEST is not enabled!
[    0.661926] Serial: 8250/16550 driver, 32 ports, IRQ sharing enabled
[    0.683358] 00:02: ttyS0 at I/O 0x3f8 (irq = 4, base_baud = 115200) is a 16550A
[    0.685425] Linux agpgart interface v0.103
[    0.687039] loop: module loaded
[    0.688037] scsi host0: ata_piix
[    0.688695] scsi host1: ata_piix
[    0.689351] ata1: PATA max UDMA/33 cmd 0x1f0 ctl 0x3f6 bmdma 0xd000 irq 14
[    0.690493] ata2: PATA max UDMA/33 cmd 0x170 ctl 0x376 bmdma 0xd008 irq 15
[    0.691891] libphy: Fixed MDIO Bus: probed
[    0.692691] tun: Universal TUN/TAP device driver, 1.6
[    0.693533] tun: (C) 1999-2004 Max Krasnyansky <maxk@qualcomm.com>
[    0.694755] PPP generic driver version 2.4.2
[    0.695667] ehci_hcd: USB 2.0 'Enhanced' Host Controller (EHCI) Driver
[    0.696762] ehci-pci: EHCI PCI platform driver
[    0.697596] ehci-platform: EHCI generic platform driver
[    0.698486] ohci_hcd: USB 1.1 'Open' Host Controller (OHCI) Driver
[    0.699558] ohci-pci: OHCI PCI platform driver
[    0.700498] ohci-platform: OHCI generic platform driver
[    0.701442] uhci_hcd: USB Universal Host Controller Interface driver
[    0.702514] i8042: PNP: PS/2 Controller [PNP0303:PS2K,PNP0f03:PS2M] at 0x60,0x64 irq 1,12
[    0.704392] serio: i8042 KBD port at 0x60,0x64 irq 1
[    0.705239] serio: i8042 AUX port at 0x60,0x64 irq 12
[    0.706166] mousedev: PS/2 mouse device common for all mice
[    0.707391] input: AT Translated Set 2 keyboard as /devices/platform/i8042/serio0/input/input2
[    0.709199] rtc_cmos rtc_cmos: rtc core: registered rtc_cmos as rtc0
[    0.710395] rtc_cmos rtc_cmos: alarms up to one day, 114 bytes nvram
[    0.711503] i2c /dev entries driver
[    0.712203] device-mapper: uevent: version 1.0.3
[    0.713079] device-mapper: ioctl: 4.34.0-ioctl (2015-10-28) initialised: dm-devel@redhat.com
[    0.714541] ledtrig-cpu: registered to indicate activity on CPUs
[    0.715798] NET: Registered protocol family 10
[    0.716734] NET: Registered protocol family 17
[    0.717552] Key type dns_resolver registered
[    0.718462] registered taskstats version 1
[    0.719247] Loading compiled-in X.509 certificates
[    0.720593] Loaded X.509 cert 'Build time autogenerated kernel key: cf00e047681d67edb2720680708b7d9498083038'
[    0.722371] zswap: loaded using pool lzo/zbud
[    0.724402] Key type trusted registered
[    0.727065] Key type encrypted registered
[    0.727945] AppArmor: AppArmor sha1 policy hashing enabled
[    0.728848] ima: No TPM chip found, activating TPM-bypass!
[    0.729760] ima: Allocated hash algorithm: sha1
[    0.730585] evm: HMAC attrs: 0x1
[    0.731470]   Magic number: 15:641:401
[    0.732269] rtc_cmos rtc_cmos: setting system clock to 2023-03-20 22:21:53 UTC (1679350913)
[    0.733795] BIOS EDD facility v0.16 2004-Jun-25, 0 devices found
[    0.734772] EDD information not available.
[    0.871149] Freeing unused kernel memory: 1492K
[    0.873332] Write protecting the kernel read-only data: 14336k
[    0.875746] Freeing unused kernel memory: 1584K
[    0.876945] Freeing unused kernel memory: 52K
Loading, please wait...
starting version 229
[    0.890462] random: udevadm: uninitialized urandom read (16 bytes read, 2 bits of entropy available)
[    0.893124] random: systemd-udevd: uninitialized urandom read (16 bytes read, 2 bits of entropy available)
[    0.895385] random: systemd-udevd: uninitialized urandom read (16 bytes read, 2 bits of entropy available)
[    0.897659] random: systemd-udevd: uninitialized urandom read (16 bytes read, 2 bits of entropy available)
[    0.900045] random: udevadm: uninitialized urandom read (16 bytes read, 2 bits of entropy available)
[    0.903596] random: systemd-udevd: uninitialized urandom read (16 bytes read, 2 bits of entropy available)
[    0.909747] random: systemd-udevd: uninitialized urandom read (16 bytes read, 2 bits of entropy available)
[    0.911681] random: systemd-udevd: uninitialized urandom read (16 bytes read, 2 bits of entropy available)
[    0.913463] random: systemd-udevd: uninitialized urandom read (16 bytes read, 2 bits of entropy available)
[    0.916989] random: systemd-udevd: uninitialized urandom read (16 bytes read, 2 bits of entropy available)
[    0.977141] e1000: Intel(R) PRO/1000 Network Driver - version 7.3.21-k8-NAPI
[    0.978505] e1000: Copyright (c) 1999-2006 Intel Corporation.
[    0.983247] Fusion MPT base driver 3.04.20
[    0.984099] Copyright (c) 1999-2008 LSI Corporation
[    0.994954] Fusion MPT SPI Host driver 3.04.20
[    1.022419] AVX2 version of gcm_enc/dec engaged.
[    1.023382] AES CTR mode by8 optimization enabled
[    1.194651] input: ImExPS/2 Generic Explorer Mouse as /devices/platform/i8042/serio1/input/input4
[    1.350024] e1000 0000:00:03.0 eth0: (PCI:33MHz:32-bit) 02:be:82:6b:cc:1d
[    1.351225] e1000 0000:00:03.0 eth0: Intel(R) PRO/1000 Network Connection
[    1.353830] mptbase: ioc0: Initiating bringup
[    1.419208] ioc0: LSI53C1030 A0: Capabilities={Initiator}
[    1.587075] scsi host2: ioc0: LSI53C1030 A0, FwRev=00000000h, Ports=1, MaxQ=256, IRQ=20
[    1.712013] scsi 2:0:0:0: Direct-Access     VBOX     HARDDISK         1.0  PQ: 0 ANSI: 5
[    1.718664] scsi target2:0:0: Beginning Domain Validation
[    1.727138] scsi target2:0:0: Domain Validation skipping write tests
[    1.731692] scsi target2:0:0: Ending Domain Validation
[    1.742013] scsi target2:0:0: asynchronous
[    1.771414] scsi 2:0:1:0: Direct-Access     VBOX     HARDDISK         1.0  PQ: 0 ANSI: 5
[    1.820199] scsi target2:0:1: Beginning Domain Validation
[    1.882607] scsi target2:0:1: Domain Validation skipping write tests
[    1.883700] scsi target2:0:1: Ending Domain Validation
[    1.888367] scsi target2:0:1: asynchronous
[    1.988358] sd 2:0:0:0: Attached scsi generic sg0 type 0
[    1.989306] sd 2:0:0:0: [sda] 83886080 512-byte logical blocks: (42.9 GB/40.0 GiB)
[    1.990455] sd 2:0:1:0: [sdb] 20480 512-byte logical blocks: (10.5 MB/10.0 MiB)
[    1.991587] sd 2:0:1:0: Attached scsi generic sg1 type 0
[    1.992450] sd 2:0:0:0: [sda] Write Protect is off
[    1.993221] sd 2:0:1:0: [sdb] Write Protect is off
[    1.993992] sd 2:0:0:0: [sda] Incomplete mode parameter data
[    1.994860] sd 2:0:0:0: [sda] Assuming drive cache: write through
[    1.995813] sd 2:0:1:0: [sdb] Incomplete mode parameter data
[    1.996642] sd 2:0:1:0: [sdb] Assuming drive cache: write through
[    2.002832]  sda: sda1
[    2.011777] sd 2:0:0:0: [sda] Attached SCSI disk
[    2.012711] sd 2:0:1:0: [sdb] Attached SCSI disk
[    2.114029] e1000 0000:00:08.0 eth1: (PCI:33MHz:32-bit) 08:00:27:79:82:d8
[    2.115078] e1000 0000:00:08.0 eth1: Intel(R) PRO/1000 Network Connection
[    2.116904] e1000 0000:00:08.0 enp0s8: renamed from eth1
[    2.118900] e1000 0000:00:03.0 enp0s3: renamed from eth0
Begin: Loading essential drivers ... [    3.413076] md: linear personality registered for level -1
[    3.417075] md: multipath personality registered for level -4
[    3.420869] md: raid0 personality registered for level 0
[    3.425262] md: raid1 personality registered for level 1
[    3.506700] raid6: sse2x1   gen() 10107 MB/s
[    3.598485] raid6: sse2x1   xor() 11716 MB/s
[    3.667278] raid6: sse2x2   gen() 15246 MB/s
[    3.752252] raid6: sse2x2   xor() 10964 MB/s
[    3.826858] raid6: sse2x4   gen() 17409 MB/s
[    3.906710] raid6: sse2x4   xor() 11973 MB/s
[    3.987179] raid6: avx2x1   gen() 23309 MB/s
[    4.067441] raid6: avx2x2   gen() 26758 MB/s
[    4.162728] raid6: avx2x4   gen() 38675 MB/s
[    4.163594] raid6: using algorithm avx2x4 gen() 38675 MB/s
[    4.164539] raid6: using avx2x2 recovery algorithm
[    4.167812] xor: automatically using best checksumming function:
[    4.307229]    avx       : 126016.000 MB/sec
[    4.310394] async_tx: api initialized (async)
[    4.323453] md: raid6 personality registered for level 6
[    4.324441] md: raid5 personality registered for level 5
[    4.325448] md: raid4 personality registered for level 4
[    4.331576] md: raid10 personality registered for level 10
done.
Begin: Running /scripts/init-premount ... done.
Begin: Mounting root file system ... Begin: Running /scripts/local-top ... done.
Begin: Running /scripts/local-premount ... [    4.361152] Btrfs loaded
Scanning for Btrfs filesystems
done.
Warning: fsck not present, so skipping root file system
[    4.386987] EXT4-fs (sda1): mounted filesystem with ordered data mode. Opts: (null)
done.
Begin: Running /scripts/local-bottom ... done.
Begin: Running /scripts/init-bottom ... done.
[    4.458386] systemd[1]: systemd 229 running in system mode. (+PAM +AUDIT +SELINUX +IMA +APPARMOR +SMACK +SYSVINIT +UTMP +LIBCRYPTSETUP +GCRYPT +GNUTLS +ACL +XZ -LZ4 +SECCOMP +BLKID +ELFUTILS +KMOD -IDN)
[    4.461166] systemd[1]: Detected virtualization oracle.
[    4.461916] systemd[1]: Detected architecture x86-64.

Welcome to [1mUbuntu 16.04.7 LTS[0m!

[    4.471673] systemd[1]: Set hostname to <ubuntu>.
[    4.474299] systemd[1]: Initializing machine ID from random generator.
[    4.475405] systemd[1]: Installed transient /etc/machine-id file.
[    4.581005] systemd[1]: Listening on LVM2 metadata daemon socket.
[[0;32m  OK  [0m] Listening on LVM2 metadata daemon socket.
[    4.582549] systemd[1]: Listening on Syslog Socket.
[[0;32m  OK  [0m] Listening on Syslog Socket.
[    4.584126] systemd[1]: Listening on Device-mapper event daemon FIFOs.
[[0;32m  OK  [0m] Listening on Device-mapper event daemon FIFOs.
[    4.586199] systemd[1]: Listening on /dev/initctl Compatibility Named Pipe.
[[0;32m  OK  [0m] Listening on /dev/initctl Compatibility Named Pipe.
[    4.588316] systemd[1]: Listening on fsck to fsckd communication Socket.
[[0;32m  OK  [0m] Listening on fsck to fsckd communication Socket.
[    4.590237] systemd[1]: Listening on Journal Socket (/dev/log).
[[0;32m  OK  [0m] Listening on Journal Socket (/dev/log).
[    4.592275] systemd[1]: Set up automount Arbitrary Executable File Formats File System Automount Point.
[[0;32m  OK  [0m] Set up automount Arbitrary Executab...ats File System Automount Point.
[    4.594973] systemd[1]: Reached target System Time Synchronized.
[[0;32m  OK  [0m] Reached target System Time Synchronized.
[    4.596766] systemd[1]: Listening on udev Control Socket.
[[0;32m  OK  [0m] Listening on udev Control Socket.
[    4.598312] systemd[1]: Listening on udev Kernel Socket.
[[0;32m  OK  [0m] Listening on udev Kernel Socket.
[    4.599834] systemd[1]: Reached target User and Group Name Lookups.
[[0;32m  OK  [0m] Reached target User and Group Name Lookups.
[    4.601838] systemd[1]: Listening on Journal Audit Socket.
[[0;32m  OK  [0m] Listening on Journal Audit Socket.
[    4.603719] systemd[1]: Started Trigger resolvconf update for networkd DNS.
[[0;32m  OK  [0m] Started Trigger resolvconf update for networkd DNS.
[    4.605606] systemd[1]: Reached target Swap.
[[0;32m  OK  [0m] Reached target Swap.
[    4.607236] systemd[1]: Listening on Journal Socket.
[[0;32m  OK  [0m] Listening on Journal Socket.
[    4.609059] systemd[1]: Listening on LVM2 poll daemon socket.
[[0;32m  OK  [0m] Listening on LVM2 poll daemon socket.
[    4.611000] systemd[1]: Created slice User and Session Slice.
[[0;32m  OK  [0m] Created slice User and Session Slice.
[    4.612575] systemd[1]: Created slice System Slice.
[[0;32m  OK  [0m] Created slice System Slice.
[    4.614320] systemd[1]: Starting File System Check on Root Device...
         Starting File System Check on Root Device...
[    4.616263] systemd[1]: Starting Journal Service...
         Starting Journal Service...
[    4.618919] systemd[1]: Starting Nameserver information manager...
         Starting Nameserver information manager...
[    4.631722] systemd[1]: Starting Uncomplicated firewall...
         Starting Uncomplicated firewall...
[    4.635356] systemd[1]: Mounting Huge Pages File System...
         Mounting Huge Pages File System...
[    4.639268] systemd[1]: Reached target Slices.
[[0;32m  OK  [0m] Reached target Slices.
[    4.642641] systemd[1]: Starting Set console keymap...
         Starting Set console keymap...
[    4.652646] systemd[1]: Starting Monitoring of LVM2 mirrors, snapshots etc. using dmeventd or progress polling...
         Starting Monitoring of LVM2 mirrors... dmeventd or progress polling...
[    4.655572] systemd[1]: Mounting Debug File System...
         Mounting Debug File System...
[    4.659242] systemd[1]: Created slice system-serial\x2dgetty.slice.
[[0;32m  OK  [0m] Created slice system-serial\x2dgetty.slice.
[    4.663746] systemd[1]: Mounting POSIX Message Queue File System...
         Mounting POSIX Message Queue File System...
[    4.670564] systemd[1]: Starting Create list of required static device nodes for the current kernel...
         Starting Create list of required st... nodes for the current kernel...
[    4.676944] systemd[1]: Starting Load Kernel Modules...
         Starting Load Kernel Modules...
[    4.686524] Loading iSCSI transport class v2.0-870.
[    4.687406] systemd[1]: Reached target Encrypted Volumes.
[[0;32m  OK  [0m] Reached target Encrypted Volumes.
[    4.688750] systemd[1]: Started Forward Password Requests to Wall Directory Watch.
[[0;32m  OK  [0m] Started Forward Password Requests to Wall Directory Watch.
[    4.706735] systemd[1]: Mounted Huge Pages File System.
[[0;32m  OK  [0m] Mounted Huge Pages File System.
[    4.708086] systemd[1]: Mounted POSIX Message Queue File System.
[[0;32m  OK  [0m] Mounted POSIX Message Queue File System.
[    4.709529] systemd[1]: Mounted Debug File System.
[[0;32m  OK  [0m] Mounted Debug File System.
[    4.710834] systemd[1]: Started Journal Service.
[[0;32m  OK  [0m] Started Journal Service.
[[0;32m  OK  [0m] Started File System Check on Root Device.
[[0;32m  OK  [0m] Started Uncomplicated firewall.
[[0;32m  OK  [0m] Started Create list of required sta...ce nodes for the current kernel.
[[0;32m  OK  [0m] Started LVM2 metadata daemon.
[[0;32m  OK  [0m] Started File System Check Daemon to report status.
         Starting Create Static Device Nodes in /dev...
         Starting Remount Root and Kernel File Systems...
[[0;32m  OK  [0m] Started Nameserver information manager.
[    4.742656] EXT4-fs (sda1): re-mounted. Opts: (null)
[[0;32m  OK  [0m] Started Remount Root and Kernel File Systems.
         Starting Load/Save Random Seed...
         Starting Flush Journal to Persistent Storage...
         Starting udev Coldplug all Devices...
[[0;32m  OK  [0m] Started Load/Save Random Seed.
[    4.777917] systemd-journald[364]: Received request to flush runtime journal from PID 1
[[0;32m  OK  [0m] Started Set console keymap.
[    4.781838] iscsi: registered transport (tcp)
[[0;32m  OK  [0m] Started Flush Journal to Persistent Storage.
[[0;32m  OK  [0m] Started Create Static Device Nodes in /dev.
         Starting udev Kernel Device Manager...
[[0;32m  OK  [0m] Started udev Kernel Device Manager.
[[0;32m  OK  [0m] Started udev Coldplug all Devices.
[[0;32m  OK  [0m] Started Dispatch Password Requests to Console Directory Watch.
[    4.842799] iscsi: registered transport (iser)
[[0;32m  OK  [0m] Started Load Kernel Modules.
         Starting Apply Kernel Variables...
         Mounting FUSE Control File System...
[[0;32m  OK  [0m] Mounted FUSE Control File System.
[[0;32m  OK  [0m] Started Apply Kernel Variables.
[[0;32m  OK  [0m] Found device /dev/ttyS0.
[[0;32m  OK  [0m] Started Monitoring of LVM2 mirrors,...ng dmeventd or progress polling.
[[0;32m  OK  [0m] Reached target Local File Systems (Pre).
[[0;32m  OK  [0m] Reached target Local File Systems.
         Starting Initial cloud-init job (pre-networking)...
         Starting LSB: AppArmor initialization...
         Starting Create Volatile Files and Directories...
         Starting Tell Plymouth To Write Out Runtime Data...
         Starting Set console font and keymap...
         Starting Commit a transient machine-id on disk...
[[0;32m  OK  [0m] Started Commit a transient machine-id on disk.
[[0;32m  OK  [0m] Started Tell Plymouth To Write Out Runtime Data.
[[0;32m  OK  [0m] Started Create Volatile Files and Directories.
         Starting Update UTMP about System Boot/Shutdown...
[[0;32m  OK  [0m] Started Update UTMP about System Boot/Shutdown.
[[0;32m  OK  [0m] Listening on Load/Save RF Kill Switch Status /dev/rfkill Watch.
[    6.606259] cloud-init[524]: Cloud-init v. 21.1-19-gbad84ad4-0ubuntu1~16.04.2 running 'init-local' at Mon, 20 Mar 2023 22:21:58 +0000. Up 5.99 seconds.
[[0;32m  OK  [0m] Started Set console font and keymap.
[[0;32m  OK  [0m] Created slice system-getty.slice.
[[0;32m  OK  [0m] Started Initial cloud-init job (pre-networking).
[[0;32m  OK  [0m] Reached target Network (Pre).
[[0;32m  OK  [0m] Started LSB: AppArmor initialization.
         Starting Raise network interfaces...
         Starting Load AppArmor profiles managed internally by snapd...
[[0;32m  OK  [0m] Started Load AppArmor profiles managed internally by snapd.
[[0;32m  OK  [0m] Started Raise network interfaces.
[[0;32m  OK  [0m] Reached target Network.
         Starting Initial cloud-init job (metadata service crawler)...
[    7.434194] cloud-init[963]: Cloud-init v. 21.1-19-gbad84ad4-0ubuntu1~16.04.2 running 'init' at Mon, 20 Mar 2023 22:21:59 +0000. Up 7.05 seconds.
[    7.435406] cloud-init[963]: ci-info: ++++++++++++++++++++++++++++++++++++++Net device info+++++++++++++++++++++++++++++++++++++++
[    7.436509] cloud-init[963]: ci-info: +--------+-------+----------------------------+---------------+--------+-------------------+
[    7.440213] cloud-init[963]: ci-info: | Device |   Up  |          Address           |      Mask     | Scope  |     Hw-Address    |
[    7.441350] cloud-init[963]: ci-info: +--------+-------+----------------------------+---------------+--------+-------------------+
[    7.442463] cloud-init[963]: ci-info: | enp0s3 |  True |         10.0.2.15          | 255.255.255.0 | global | 02:be:82:6b:cc:1d |
[    7.460237] cloud-init[963]: ci-info: | enp0s3 |  True | fe80::be:82ff:fe6b:cc1d/64 |       .       |  link  | 02:be:82:6b:cc:1d |
[    7.461462] cloud-init[963]: ci-info: | enp0s8 | False |             .              |       .       |   .    | 08:00:27:79:82:d8 |
[    7.462607] cloud-init[963]: ci-info: |   lo   |  True |         127.0.0.1          |   255.0.0.0   |  host  |         .         |
[    7.463750] cloud-init[963]: ci-info: |   lo   |  True |          ::1/128           |       .       |  host  |         .         |
[    7.464920] cloud-init[963]: ci-info: +--------+-------+----------------------------+---------------+--------+-------------------+
[    7.466028] cloud-init[963]: ci-info: +++++++++++++++++++++++++++Route IPv4 info++++++++++++++++++++++++++++
[    7.467064] cloud-init[963]: ci-info: +-------+-------------+----------+---------------+-----------+-------+
[    7.468146] cloud-init[963]: ci-info: | Route | Destination | Gateway  |    Genmask    | Interface | Flags |
[    7.469181] cloud-init[963]: ci-info: +-------+-------------+----------+---------------+-----------+-------+
[    7.470156] cloud-init[963]: ci-info: |   0   |   0.0.0.0   | 10.0.2.2 |    0.0.0.0    |   enp0s3  |   UG  |
[    7.471174] cloud-init[963]: ci-info: |   1   |   10.0.2.0  | 0.0.0.0  | 255.255.255.0 |   enp0s3  |   U   |
[    7.472192] cloud-init[963]: ci-info: +-------+-------------+----------+---------------+-----------+-------+
[    7.473197] cloud-init[963]: ci-info: +++++++++++++++++++Route IPv6 info+++++++++++++++++++
[    7.474074] cloud-init[963]: ci-info: +-------+-------------+---------+-----------+-------+
[    7.474932] cloud-init[963]: ci-info: | Route | Destination | Gateway | Interface | Flags |
[    7.476193] cloud-init[963]: ci-info: +-------+-------------+---------+-----------+-------+
[    7.496099] cloud-init[963]: ci-info: |   0   |  fe80::/64  |    ::   |   enp0s3  |   U   |
[    7.497259] cloud-init[963]: ci-info: |   3   |   ff00::/8  |    ::   |   enp0s3  |   U   |
[    7.498222] cloud-init[963]: ci-info: +-------+-------------+---------+-----------+-------+
[    7.499139] cloud-init[963]: Generating public/private rsa key pair.
[    7.499877] cloud-init[963]: Your identification has been saved in /etc/ssh/ssh_host_rsa_key.
[    7.500812] cloud-init[963]: Your public key has been saved in /etc/ssh/ssh_host_rsa_key.pub.
[    7.501677] cloud-init[963]: The key fingerprint is:
[    7.502311] cloud-init[963]: SHA256:4Nd9EpOZ3X55/UV4arKvR4VlcJ7mtFr+4tt8Wa1bmVw root@ubuntu-xenial
[    7.503264] cloud-init[963]: The key's randomart image is:
[    7.503930] cloud-init[963]: +---[RSA 2048]----+
[    7.504637] cloud-init[963]: |              ...|
[    7.505254] cloud-init[963]: |             = =+|
[    7.505892] cloud-init[963]: |      .     * oB=|
[    7.507523] cloud-init[963]: |     . . . . o===|
[[0;32m  OK  [0m] Started Initial cloud-init job (metadata service crawler).
[[0;32m  OK  [0m] Reached target System Initialization.
[[0;32m  OK  [0m] Listening on UUID daemon activation socket.
[[0;32m  OK  [0m] Started Message of the Day.
[    7.511633] cloud-init[963]: [[0;32m  OK  [0m] Listening on ACPID Listen Socket.
[[0;32m  OK  [0m] Started Ubuntu Advantage update messaging.
         Starting Socket activation for snappy daemon.
[[0;32m  OK  [0m] Listening on D-Bus System Message Bus Socket.
[[0;32m  OK  [0m] Started Daily apt download activities.
|      . S . + +*E|
[    7.515260] cloud-init[963]: |       .     ** @|
[    7.515879] cloud-init[963]: |            .o *=|
[    7.517170] cloud-init[963]: |             .+=o|
[    7.517789] cloud-init[963]: |            .+=+=|
         Starting LXD - unix socket.
[    7.519195] cloud-init[963]: +----[SHA256]-----+
[    7.519782] cloud-init[[0;32m  OK  [0m] Started Daily Cleanup of Temporary Directories.
[[0;32m  OK  [0m] Started Daily apt upgrade and clean activities.
[[0;32m  OK  [0m] Reached target Timers.
[963]: Generating public/private dsa key pair.
[    7.522360] cloud-init[963]: Your identification has been saved in /etc/ssh/ssh_host_dsa_key.
[    7.523201] cloud-init[963]: Your public key has been saved in /etc/ssh/ssh_host_dsa_key.pub.
[    7.524768] cloud-init[963]: The key fingerprint is:
[[0;32m  OK  [0m] Started ACPI Events Check.
[    7.526228] cloud-init[963]: SHA256:vP7ppH3bqRBfORXLbarIdtO2/8MQTQggbpNW2q7Q2+k root@ubuntu-xenial
[[0;32m  OK  [0m] Reached target Paths.
[[0;32m  OK  [0m] Reached target Cloud-config availability.[    7.528240] cloud-init[963]: The key's randomart image is:
[    7.528771] cloud-init[963]: +---[DSA 1024]----+
[    7.529192] cloud-init[963]: |       . o... .. |
[    7.529615] cloud-init[963]: |      . *    ...+|
[    7.530039] cloud-init[963]: |       B .    oo+|
[    7.530454] cloud-init[963]: |      +.o    . * |
[    7.530885] cloud-init[963]: |     . .S..   *  |
[    7.531309] cloud-init[963]: |      . +o.+ = . |
[    7.531762] cloud-init[963]: |       o.o* = =  |
[[0;32m  OK  [0m] Reached target Network is Online.
         Starting iSCSI initiator daemon (iscsid)...
[[0;32m  OK  [0m] Listening on Socket activation for snappy daemon.
[[0;32m  OK  [0m] Listening on LXD - unix socket.
[[0;32m  OK  [0m] Reached target Sockets.
[[0;32m  OK  [0m] Reached target Basic System.

[    7.536301] cloud-init[963]: |       ..= +.+ = |
[[0;32m  OK  [0m] Started FUSE filesystem for LXC.
[    7.538344] cloud-init[963]: |        oE=.oo+.=|         Starting LXD - container startup/shutdown...

[    7.542998] cloud-init[963]: +----[SHA256]-----+
         Starting LSB: Record successful boot for GRUB...
[[0;32m  OK  [0m] Started D-Bus System Message Bus.
[    7.562870] cloud-init[963]: Generating public/private ecdsa key pair.
[    7.566070] cloud-init[963]: Your identification has been saved in /etc/ssh/ssh_host_ecdsa_key.
[    7.568256] cloud-init[963]: Your public key has been saved in /etc/ssh/ssh_host_ecdsa_key.pub.
[    7.570190] cloud-init[963]: The key fingerprint is:
[    7.571201] cloud-init[963]: SHA256:1Qos5cflkMLDQYFWQgmnMs0oKnl2wd4/q50oo9SLdOc root@ubuntu-xenial
[    7.574991] cloud-init[963]: The key's randomart image is:
[    7.577906] cloud-init[963]: +---[ECDSA 256]---+
[    7.578850] cloud-init[963]: |    .o+B*o...    |
[    7.580047] cloud-init[963]: |   = o+==..=     |
[    7.581273] cloud-init[963]: |. + *.. +o+ o    |
[    7.582194] cloud-init[963]: |.o + o . + .     |
[    7.583208] cloud-init[963]: |+ o o . S .      |
[    7.584131] cloud-init[963]: |.o o   .         |
[    7.585069] cloud-init[963]: |  o o . o        |
[    7.585870] cloud-init[963]: | o oo+ o +       |
[    7.586848] cloud-init[963]: |  o..oE.+        |
[    7.587717] cloud-init[963]: +----[SHA256]-----+
[    7.588638] cloud-init[963]: Generating public/private ed25519 key pair.
[    7.589991] cloud-init[963]: Your identification has been saved in /etc/ssh/ssh_host_ed25519_key.
[    7.591393] cloud-init[963]: Your public key has been saved in /etc/ssh/ssh_host_ed25519_key.pub.
[    7.592692] cloud-init[963]: The key fingerprint is:
[    7.593739] cloud-init[963]: SHA256:aIKJSdMAs2Uf5AsidEjmkTkuK9XxGMYlH0wfldV93Rk root@ubuntu-xenial
         Starting Pollinate to seed the pseudo random number generator...
[[0;32m  OK  [0m] Started Deferred execution scheduler.
         Starting /etc/rc.local Compatibility...
         Starting Login Service...
[    7.600302] cloud-init[963]: The key's randomart image is:
[    7.602386] cloud-init         Starting LSB: MD monitoring daemon...
[[0;32m  OK  [0m] Started ACPI event daemon.
         Starting Accounts Service...
         Starting Virtualbox guest utils...
         Starting System Logging Service...
[[0;32m  OK  [0m] Started Regular background program processing daemon.
         Starting Snap Daemon...
[[0;32m  OK  [0m] Started /etc/rc.local Compatibility.
[[0;32m  OK  [0m] Started iSCSI initiator daemon (iscsid).
         Starting Login to default iSCSI targets...
[[0;32m  OK  [0m] Started Login Service.
[[0;32m  OK  [0m] Started Unattended Upgrades Shutdown.
[963]: +--[ED25519 256]--+
[    7.707398] cloud-init[963]: |=**++++ ...o.. E=|
[[0;32m  OK  [0m] Started LSB: Record successful boot for GRUB.
[[0;32m  OK  [0m] Started System Logging Service.
[    7.722400] cloud-init[963]: |+X=o=+.o ..   ..=|
[[0;32m  OK  [0m] Started Login to default iSCSI targets.[    7.729912] cloud-init[963]: |=+o+o=. .       .|

[[0;32m  OK  [0m] Reached target Remote File Systems (Pre).
[[0;32m  OK  [0m] Reached target Remote File Systems.
         Starting Permit User Sessions...
         Starting LSB: daemon to balance interrupts for SMP systems...
         Starting LSB: Set the CPU Frequency Scaling governor to "ondemand"...
         Starting LSB: automatic crash report generation...
[[0;32m  OK  [0m] Started Permit User Sessions.
         Starting Hold until boot process finishes up...
         Starting Terminate Plymouth Boot Screen...
[[0;32m  OK  [0m] Started Hold until boot process finishes up.
         Starting Set console scheme...
[[0;32m  OK  [0m] Started Getty on tty1.
[[0;32m  OK  [0m] Started Serial Getty on ttyS0.
[[0;32m  OK  [0m] Reached target Login Prompts.
[[    7.777862] cloud-init[963]: |+=o+o...         |
[0;32m  OK  [0m] Started LXD - container startup/shutdown.
[[0;32m  OK  [0m] Started Terminate Plymouth Boot Screen.
[[0;32m  OK  [0m] Started Set console scheme.
[    7.798224] cloud-init[963]: |+oo o o S        |
[[0;32m  OK  [0m] Started LSB: Set the CPU Frequency Scaling governor to "ondemand".
[[0;32m  OK  [0m] Started LSB: MD monitoring daemon.
[    7.812638] cloud-init[963]: |o    o           |
[    7.824630] cloud-init[963]: |.                |
[    7.830130] cloud-init[963]: |                 |
         Starting Authenticate and Authorize Users to Run Privileged Tasks...
[[0;32m  OK  [0m] Started LSB: automatic crash report generation.
[    7.853701] cloud-init[963]: |                 |
[[0;32m  OK  [0m] Started LSB: daemon to balance interrupts for SMP systems.
[    7.859649] cloud-init[963]: +----[SHA256]-----+
[[0;32m  OK  [0m] Started Authenticate and Authorize Users to Run Privileged Tasks.
[[0;32m  OK  [0m] Started Accounts Service.
[[0;32m  OK  [0m] Started Virtualbox guest utils.
[[0;32m  OK  [0m] Started Snap Daemon.
         Starting Wait until snapd is fully seeded...
[[0;32m  OK  [0m] Started Pollinate to seed the pseudo random number generator.
         Starting OpenBSD Secure Shell server...
[[0;32m  OK  [0m] Started OpenBSD Secure Shell server.
[[0;32m  OK  [0m] Started Wait until snapd is fully seeded.
         Starting Apply the settings specified in cloud-config...
[[0;32m  OK  [0m] Reached target Multi-User System.
[[0;32m  OK  [0m] Reached target Graphical Interface.
         Starting Update UTMP about System Runlevel Changes...
[[0;32m  OK  [0m] Started Update UTMP about System Runlevel Changes.
[    9.485901] cloud-init[1319]: Generating locales (this might take a while)...
[   10.176565] cloud-init[1319]:   en_US.UTF-8... done
[   10.178190] cloud-init[1319]: Generation complete.
[   10.399628] cloud-init[1319]: Cloud-init v. 21.1-19-gbad84ad4-0ubuntu1~16.04.2 running 'modules:config' at Mon, 20 Mar 2023 22:22:02 +0000. Up 9.40 seconds.
[[0;32m  OK  [0m] Started Apply the settings specified in cloud-config.
         Starting Execute cloud user/final scripts...
ci-info: no authorized SSH keys fingerprints found for user ubuntu.
<14>Mar 20 22:22:03 ec2: 
<14>Mar 20 22:22:03 ec2: #############################################################
<14>Mar 20 22:22:03 ec2: -----BEGIN SSH HOST KEY FINGERPRINTS-----
<14>Mar 20 22:22:03 ec2: 1024 SHA256:vP7ppH3bqRBfORXLbarIdtO2/8MQTQggbpNW2q7Q2+k root@ubuntu-xenial (DSA)
<14>Mar 20 22:22:03 ec2: 256 SHA256:1Qos5cflkMLDQYFWQgmnMs0oKnl2wd4/q50oo9SLdOc root@ubuntu-xenial (ECDSA)
<14>Mar 20 22:22:03 ec2: 256 SHA256:aIKJSdMAs2Uf5AsidEjmkTkuK9XxGMYlH0wfldV93Rk root@ubuntu-xenial (ED25519)
<14>Mar 20 22:22:03 ec2: 2048 SHA256:4Nd9EpOZ3X55/UV4arKvR4VlcJ7mtFr+4tt8Wa1bmVw root@ubuntu-xenial (RSA)
<14>Mar 20 22:22:03 ec2: -----END SSH HOST KEY FINGERPRINTS-----
<14>Mar 20 22:22:03 ec2: #############################################################
-----BEGIN SSH HOST KEY KEYS-----
ecdsa-sha2-nistp256 AAAAE2VjZHNhLXNoYTItbmlzdHAyNTYAAAAIbmlzdHAyNTYAAABBBLqLNy+GXsgTetuL9lU3nHNYW7eYpLeaApGFcQLH9fIKhPBYrRaQrB55IP+upRYBeipWqMj9YfsEJYf1fTowC00= root@ubuntu-xenial
ssh-ed25519 AAAAC3NzaC1lZDI1NTE5AAAAIEd2D+hoGcB8djdMNKoUmoEG9EaWMAP1o/d970fqeRU3 root@ubuntu-xenial
ssh-rsa AAAAB3NzaC1yc2EAAAADAQABAAABAQCb+6EqlqftLKXn/Fj2NmhqWwAZ10IjBhlXdy5YfaPMzKaOQ43l7Wupnd9YvDNrvv4qxXTE7hom9r7J1TanYquBPZZzB+pfoRZPPnaIsFs9R2tL6tF2dkAwfzVpYtXUG2k1yMMovH5gJ8HpRtKPkeowC+/yDfrFt8lwKDOvoOROsnInwweGXSbVgwPMQ+c0pLlTfmTuc238IsdEJCvpsJSNwrA5hjdmeOAp4AxiJAMo/6JdRqpW/powWNdtK7KebtV49jBGnYzlsnWih/KjjutdmzKirtrN0oZxKg04qmO51XMj22/MfkH96YjmWZpxBl30LlvphBDzl+NE7FqyAEeL root@ubuntu-xenial
-----END SSH HOST KEY KEYS-----
[   10.740978] cloud-init[1364]: Cloud-init v. 21.1-19-gbad84ad4-0ubuntu1~16.04.2 running 'modules:final' at Mon, 20 Mar 2023 22:22:03 +0000. Up 10.63 seconds.
[   10.742356] cloud-init[1364]: ci-info: no authorized SSH keys fingerprints found for user ubuntu.
[   10.743443] cloud-init[1364]: Cloud-init v. 21.1-19-gbad84ad4-0ubuntu1~16.04.2 finished at Mon, 20 Mar 2023 22:22:03 +0000. Datasource DataSourceNoCloud [seed=/dev/sdb][dsmode=net].  Up 10.73 seconds
[[0;32m  OK  [0m] Started Execute cloud user/final scripts.
[[0;32m  OK  [0m] Reached target Cloud-init target.

Ubuntu 16.04.7 LTS ubuntu-xenial ttyS0

ubuntu-xenial login: 