[    0.000000] Initializing cgroup subsys cpuset
[    0.000000] Initializing cgroup subsys cpu
[    0.000000] Initializing cgroup subsys cpuacct
[    0.000000] Linux version 4.4.0-210-generic (buildd@lgw01-amd64-009) (gcc version 5.4.0 20160609 (Ubuntu 5.4.0-6ubuntu1~16.04.12) ) #242-Ubuntu SMP Fri Apr 16 09:57:56 UTC 2021 (Ubuntu 4.4.0-210.242-generic 4.4.262)
[    0.000000] Command line: BOOT_IMAGE=/boot/vmlinuz-4.4.0-210-generic root=LABEL=cloudimg-rootfs ro console=tty1 console=ttyS0
[    0.000000] KERNEL supported cpus:
[    0.000000]   Intel GenuineIntel
[    0.000000]   AMD AuthenticAMD
[    0.000000]   Centaur CentaurHauls
[    0.000000] x86/fpu: xstate_offset[2]:  576, xstate_sizes[2]:  256
[    0.000000] x86/fpu: Supporting XSAVE feature 0x01: 'x87 floating point registers'
[    0.000000] x86/fpu: Supporting XSAVE feature 0x02: 'SSE registers'
[    0.000000] x86/fpu: Supporting XSAVE feature 0x04: 'AVX registers'
[    0.000000] x86/fpu: Enabled xstate features 0x7, context size is 832 bytes, using 'standard' format.
[    0.000000] e820: BIOS-provided physical RAM map:
[    0.000000] BIOS-e820: [mem 0x0000000000000000-0x000000000009fbff] usable
[    0.000000] BIOS-e820: [mem 0x000000000009fc00-0x000000000009ffff] reserved
[    0.000000] BIOS-e820: [mem 0x00000000000f0000-0x00000000000fffff] reserved
[    0.000000] BIOS-e820: [mem 0x0000000000100000-0x00000000417effff] usable
[    0.000000] BIOS-e820: [mem 0x00000000417f0000-0x00000000417fffff] ACPI data
[    0.000000] BIOS-e820: [mem 0x00000000fec00000-0x00000000fec00fff] reserved
[    0.000000] BIOS-e820: [mem 0x00000000fee00000-0x00000000fee00fff] reserved
[    0.000000] BIOS-e820: [mem 0x00000000fffc0000-0x00000000ffffffff] reserved
[    0.000000] NX (Execute Disable) protection: active
[    0.000000] SMBIOS 2.5 present.
[    0.000000] Hypervisor detected: KVM
[    0.000000] e820: last_pfn = 0x417f0 max_arch_pfn = 0x400000000
[    0.000000] MTRR: Disabled
[    0.000000] x86/PAT: MTRRs disabled, skipping PAT initialization too.
[    0.000000] CPU MTRRs all blank - virtualized system.
[    0.000000] x86/PAT: Configuration [0-7]: WB  WT  UC- UC  WB  WT  UC- UC  
[    0.000000] found SMP MP-table at [mem 0x0009fff0-0x0009ffff] mapped at [ffff88000009fff0]
[    0.000000] Scanning 1 areas for low memory corruption
[    0.000000] RAMDISK: [mem 0x362dc000-0x37165fff]
[    0.000000] ACPI: Early table checksum verification disabled
[    0.000000] ACPI: RSDP 0x00000000000E0000 000024 (v02 VBOX  )
[    0.000000] ACPI: XSDT 0x00000000417F0030 00003C (v01 VBOX   VBOXXSDT 00000001 ASL  00000061)
[    0.000000] ACPI: FACP 0x00000000417F00F0 0000F4 (v04 VBOX   VBOXFACP 00000001 ASL  00000061)
[    0.000000] ACPI: DSDT 0x00000000417F0470 002325 (v02 VBOX   VBOXBIOS 00000002 INTL 20200925)
[    0.000000] ACPI: FACS 0x00000000417F0200 000040
[    0.000000] ACPI: FACS 0x00000000417F0200 000040
[    0.000000] ACPI: APIC 0x00000000417F0240 000054 (v02 VBOX   VBOXAPIC 00000001 ASL  00000061)
[    0.000000] ACPI: SSDT 0x00000000417F02A0 0001CC (v01 VBOX   VBOXCPUT 00000002 INTL 20200925)
[    0.000000] No NUMA configuration found
[    0.000000] Faking a node at [mem 0x0000000000000000-0x00000000417effff]
[    0.000000] NODE_DATA(0) allocated [mem 0x417eb000-0x417effff]
[    0.000000] kvm-clock: Using msrs 4b564d01 and 4b564d00
[    0.000000] kvm-clock: cpu 0, msr 0:417e3001, primary cpu clock
[    0.000000] kvm-clock: using sched offset of 3449646627 cycles
[    0.000000] clocksource: kvm-clock: mask: 0xffffffffffffffff max_cycles: 0x1cd42e4dffb, max_idle_ns: 881590591483 ns
[    0.000000] Zone ranges:
[    0.000000]   DMA      [mem 0x0000000000001000-0x0000000000ffffff]
[    0.000000]   DMA32    [mem 0x0000000001000000-0x00000000417effff]
[    0.000000]   Normal   empty
[    0.000000]   Device   empty
[    0.000000] Movable zone start for each node
[    0.000000] Early memory node ranges
[    0.000000]   node   0: [mem 0x0000000000001000-0x000000000009efff]
[    0.000000]   node   0: [mem 0x0000000000100000-0x00000000417effff]
[    0.000000] Initmem setup node 0 [mem 0x0000000000001000-0x00000000417effff]
[    0.000000] ACPI: PM-Timer IO Port: 0x4008
[    0.000000] IOAPIC[0]: apic_id 1, version 32, address 0xfec00000, GSI 0-23
[    0.000000] ACPI: INT_SRC_OVR (bus 0 bus_irq 0 global_irq 2 dfl dfl)
[    0.000000] ACPI: INT_SRC_OVR (bus 0 bus_irq 9 global_irq 9 low level)
[    0.000000] Using ACPI (MADT) for SMP configuration information
[    0.000000] smpboot: Allowing 1 CPUs, 0 hotplug CPUs
[    0.000000] PM: Registered nosave memory: [mem 0x00000000-0x00000fff]
[    0.000000] PM: Registered nosave memory: [mem 0x0009f000-0x0009ffff]
[    0.000000] PM: Registered nosave memory: [mem 0x000a0000-0x000effff]
[    0.000000] PM: Registered nosave memory: [mem 0x000f0000-0x000fffff]
[    0.000000] e820: [mem 0x41800000-0xfebfffff] available for PCI devices
[    0.000000] Booting paravirtualized kernel on KVM
[    0.000000] clocksource: refined-jiffies: mask: 0xffffffff max_cycles: 0xffffffff, max_idle_ns: 7645519600211568 ns
[    0.000000] setup_percpu: NR_CPUS:512 nr_cpumask_bits:512 nr_cpu_ids:1 nr_node_ids:1
[    0.000000] PERCPU: Embedded 33 pages/cpu @ffff880041400000 s95192 r8192 d31784 u2097152
[    0.000000] Built 1 zonelists in Node order, mobility grouping on.  Total pages: 263960
[    0.000000] Policy zone: DMA32
[    0.000000] Kernel command line: BOOT_IMAGE=/boot/vmlinuz-4.4.0-210-generic root=LABEL=cloudimg-rootfs ro console=tty1 console=ttyS0
[    0.000000] PID hash table entries: 4096 (order: 3, 32768 bytes)
[    0.000000] Memory: 1020452K/1072696K available (8644K kernel code, 1332K rwdata, 4044K rodata, 1492K init, 1164K bss, 52244K reserved, 0K cma-reserved)
[    0.000000] SLUB: HWalign=64, Order=0-3, MinObjects=0, CPUs=1, Nodes=1
[    0.000000] Kernel/User page tables isolation: enabled
[    0.000000] Hierarchical RCU implementation.
[    0.000000] 	Build-time adjustment of leaf fanout to 64.
[    0.000000] 	RCU restricting CPUs from NR_CPUS=512 to nr_cpu_ids=1.
[    0.000000] RCU: Adjusting geometry for rcu_fanout_leaf=64, nr_cpu_ids=1
[    0.000000] NR_IRQS:33024 nr_irqs:256 16
[    0.000000] Console: colour VGA+ 80x25
[    0.000000] console [tty1] enabled
[    0.000000] console [ttyS0] enabled
[    0.000000] tsc: Detected 3392.126 MHz processor
[    0.106223] Calibrating delay loop (skipped) preset value.. 6784.25 BogoMIPS (lpj=13568504)
[    0.107620] pid_max: default: 32768 minimum: 301
[    0.108357] ACPI: Core revision 20150930
[    0.110155] ACPI: 2 ACPI AML tables successfully acquired and loaded
[    0.111768] Security Framework initialized
[    0.112651] Yama: becoming mindful.
[    0.113420] AppArmor: AppArmor initialized
[    0.115546] Dentry cache hash table entries: 262144 (order: 9, 2097152 bytes)
[    0.117106] Inode-cache hash table entries: 131072 (order: 8, 1048576 bytes)
[    0.118983] Mount-cache hash table entries: 4096 (order: 3, 32768 bytes)
[    0.120008] Mountpoint-cache hash table entries: 4096 (order: 3, 32768 bytes)
[    0.121272] Initializing cgroup subsys io
[    0.122028] Initializing cgroup subsys memory
[    0.122750] Initializing cgroup subsys devices
[    0.123459] Initializing cgroup subsys freezer
[    0.124172] Initializing cgroup subsys net_cls
[    0.124930] Initializing cgroup subsys perf_event
[    0.125717] Initializing cgroup subsys net_prio
[    0.126529] Initializing cgroup subsys hugetlb
[    0.127242] Initializing cgroup subsys pids
[    0.133894] mce: CPU supports 0 MCE banks
[    0.134714] process: using mwait in idle threads
[    0.135634] Last level iTLB entries: 4KB 1024, 2MB 1024, 4MB 1024
[    0.136767] Last level dTLB entries: 4KB 1024, 2MB 1024, 4MB 1024, 1GB 4
[    0.138072] Spectre V1 : Mitigation: usercopy/swapgs barriers and __user pointer sanitization
[    0.139581] Spectre V2 : Mitigation: Full generic retpoline
[    0.140580] Spectre V2 : Spectre v2 / SpectreRSB mitigation: Filling RSB on context switch
[    0.142199] Speculative Store Bypass: Vulnerable
[    0.143109] SRBDS: Unknown: Dependent on hypervisor status
[    0.144175] MDS: Mitigation: Clear CPU buffers
[    0.169498] Freeing SMP alternatives memory: 36K
[    0.177540] ftrace: allocating 32380 entries in 127 pages
[    0.223527] smpboot: APIC(0) Converting physical 0 to logical package 0
[    0.224819] smpboot: Max logical packages: 1
[    0.225885] x2apic enabled
[    0.226667] Switched APIC routing to physical x2apic.
[    0.228467] ..TIMER: vector=0x30 apic1=0 pin1=2 apic2=-1 pin2=-1
[    0.337645] smpboot: CPU0: Intel(R) Core(TM) i7-4770 CPU @ 3.40GHz (family: 0x6, model: 0x3c, stepping: 0x3)
[    0.339682] Performance Events: unsupported p6 CPU model 60 no PMU driver, software events only.
[    0.350432] KVM setup paravirtual spinlock
[    0.351859] x86: Booted up 1 node, 1 CPUs
[    0.352628] smpboot: Total of 1 processors activated (6784.25 BogoMIPS)
[    0.354676] devtmpfs: initialized
[    0.356845] evm: security.selinux
[    0.357549] evm: security.SMACK64
[    0.358311] evm: security.SMACK64EXEC
[    0.359067] evm: security.SMACK64TRANSMUTE
[    0.359839] evm: security.SMACK64MMAP
[    0.360700] evm: security.ima
[    0.361375] evm: security.capability
[    0.362249] clocksource: jiffies: mask: 0xffffffff max_cycles: 0xffffffff, max_idle_ns: 7645041785100000 ns
[    0.363977] futex hash table entries: 256 (order: 2, 16384 bytes)
[    0.365067] pinctrl core: initialized pinctrl subsystem
[    0.366141] RTC time:  8:00:37, date: 03/17/23
[    0.367246] NET: Registered protocol family 16
[    0.368210] cpuidle: using governor ladder
[    0.369045] cpuidle: using governor menu
[    0.369808] PCCT header not found.
[    0.370626] ACPI: bus type PCI registered
[    0.371380] acpiphp: ACPI Hot Plug PCI Controller Driver version: 0.5
[    0.372505] PCI: Using configuration type 1 for base access
[    0.374429] ACPI: Added _OSI(Module Device)
[    0.375318] ACPI: Added _OSI(Processor Device)
[    0.376182] ACPI: Added _OSI(3.0 _SCP Extensions)
[    0.377016] ACPI: Added _OSI(Processor Aggregator Device)
[    0.378371] ACPI: Executed 1 blocks of module-level executable AML code
[    0.381031] ACPI: Interpreter enabled
[    0.381798] ACPI: (supports S0 S5)
[    0.382498] ACPI: Using IOAPIC for interrupt routing
[    0.383554] PCI: Using host bridge windows from ACPI; if necessary, use "pci=nocrs" and report a bug
[    0.387531] ACPI: PCI Root Bridge [PCI0] (domain 0000 [bus 00-ff])
[    0.388690] acpi PNP0A03:00: _OSC: OS supports [ASPM ClockPM Segments MSI]
[    0.390211] acpi PNP0A03:00: _OSC: not requesting OS control; OS requires [ExtendedConfig ASPM ClockPM MSI]
[    0.391921] acpi PNP0A03:00: fail to add MMCONFIG information, can't access extended PCI configuration space under this bridge.
[    0.394032] PCI host bridge to bus 0000:00
[    0.394792] pci_bus 0000:00: root bus resource [io  0x0000-0x0cf7 window]
[    0.395956] pci_bus 0000:00: root bus resource [io  0x0d00-0xffff window]
[    0.397124] pci_bus 0000:00: root bus resource [mem 0x000a0000-0x000bffff window]
[    0.398570] pci_bus 0000:00: root bus resource [mem 0x41800000-0xfdffffff window]
[    0.400065] pci_bus 0000:00: root bus resource [bus 00-ff]
[    0.402292] pci 0000:00:01.1: legacy IDE quirk: reg 0x10: [io  0x01f0-0x01f7]
[    0.403474] pci 0000:00:01.1: legacy IDE quirk: reg 0x14: [io  0x03f6]
[    0.404652] pci 0000:00:01.1: legacy IDE quirk: reg 0x18: [io  0x0170-0x0177]
[    0.405873] pci 0000:00:01.1: legacy IDE quirk: reg 0x1c: [io  0x0376]
[    0.422642] pci 0000:00:07.0: quirk: [io  0x4000-0x403f] claimed by PIIX4 ACPI
[    0.424021] pci 0000:00:07.0: quirk: [io  0x4100-0x410f] claimed by PIIX4 SMB
[    0.430768] ACPI: PCI Interrupt Link [LNKA] (IRQs 5 9 10 *11)
[    0.432591] ACPI: PCI Interrupt Link [LNKB] (IRQs 5 9 *10 11)
[    0.433772] ACPI: PCI Interrupt Link [LNKC] (IRQs 5 *9 10 11)
[    0.435030] ACPI: PCI Interrupt Link [LNKD] (IRQs 5 9 10 *11)
[    0.436245] ACPI: Enabled 2 GPEs in block 00 to 07
[    0.437250] vgaarb: setting as boot device: PCI:0000:00:02.0
[    0.438053] vgaarb: device added: PCI:0000:00:02.0,decodes=io+mem,owns=io+mem,locks=none
[    0.439261] vgaarb: loaded
[    0.439769] vgaarb: bridge control possible 0000:00:02.0
[    0.440740] SCSI subsystem initialized
[    0.441487] ACPI: bus type USB registered
[    0.442139] usbcore: registered new interface driver usbfs
[    0.442917] usbcore: registered new interface driver hub
[    0.443727] usbcore: registered new device driver usb
[    0.444619] PCI: Using ACPI for IRQ routing
[    0.445515] NetLabel: Initializing
[    0.446094] NetLabel:  domain hash size = 128
[    0.446772] NetLabel:  protocols = UNLABELED CIPSOv4
[    0.447571] NetLabel:  unlabeled traffic allowed by default
[    0.448391] amd_nb: Cannot enumerate AMD northbridges
[    0.449222] clocksource: Switched to clocksource kvm-clock
[    0.455068] AppArmor: AppArmor Filesystem Enabled
[    0.455981] pnp: PnP ACPI init
[    0.457171] pnp: PnP ACPI: found 3 devices
[    0.463349] clocksource: acpi_pm: mask: 0xffffff max_cycles: 0xffffff, max_idle_ns: 2085701024 ns
[    0.465469] NET: Registered protocol family 2
[    0.467100] TCP established hash table entries: 16384 (order: 5, 131072 bytes)
[    0.469027] TCP bind hash table entries: 16384 (order: 6, 262144 bytes)
[    0.472589] TCP: Hash tables configured (established 16384 bind 16384)
[    0.474300] UDP hash table entries: 1024 (order: 3, 32768 bytes)
[    0.475406] UDP-Lite hash table entries: 1024 (order: 3, 32768 bytes)
[    0.476645] NET: Registered protocol family 1
[    0.477501] pci 0000:00:00.0: Limiting direct PCI/PCI transfers
[    0.478536] pci 0000:00:01.0: Activating ISA DMA hang workarounds
[    0.479808] Unpacking initramfs...
[    0.640767] Freeing initrd memory: 14888K
[    0.642097] RAPL PMU detected, API unit is 2^-32 Joules, 4 fixed counters 10737418240 ms ovfl timer
[    0.643797] hw unit of domain pp0-core 2^-0 Joules
[    0.644791] hw unit of domain package 2^-0 Joules
[    0.645740] hw unit of domain dram 2^-0 Joules
[    0.646525] hw unit of domain pp1-gpu 2^-0 Joules
[    0.647384] clocksource: tsc: mask: 0xffffffffffffffff max_cycles: 0x30e54090027, max_idle_ns: 440795236407 ns
[    0.649134] platform rtc_cmos: registered platform RTC device (no PNP device found)
[    0.650593] Scanning for low memory corruption every 60 seconds
[    0.651844] audit: initializing netlink subsys (disabled)
[    0.652889] audit: type=2000 audit(1679040043.060:1): initialized
[    0.654244] Initialise system trusted keyring
[    0.655289] HugeTLB registered 2 MB page size, pre-allocated 0 pages
[    0.657907] zbud: loaded
[    0.659254] VFS: Disk quotas dquot_6.6.0
[    0.660258] VFS: Dquot-cache hash table entries: 512 (order 0, 4096 bytes)
[    0.662218] squashfs: version 4.0 (2009/01/31) Phillip Lougher
[    0.664404] fuse init (API version 7.23)
[    0.665832] Key type big_key registered
[    0.666949] Allocating IMA MOK and blacklist keyrings.
[    0.668607] Key type asymmetric registered
[    0.669464] Asymmetric key parser 'x509' registered
[    0.670551] Block layer SCSI generic (bsg) driver version 0.4 loaded (major 249)
[    0.672021] io scheduler noop registered
[    0.672926] io scheduler deadline registered (default)
[    0.674201] io scheduler cfq registered
[    0.675379] pci_hotplug: PCI Hot Plug PCI Core version: 0.5
[    0.676596] pciehp: PCI Express Hot Plug Controller Driver version: 0.4
[    0.679100] ACPI: AC Adapter [AC] (on-line)
[    0.680485] input: Power Button as /devices/LNXSYSTM:00/LNXPWRBN:00/input/input0
[    0.682471] ACPI: Power Button [PWRF]
[    0.683572] input: Sleep Button as /devices/LNXSYSTM:00/LNXSLPBN:00/input/input1
[    0.685145] ACPI: Sleep Button [SLPF]
[    0.686954] GHES: HEST is not enabled!
[    0.688511] Serial: 8250/16550 driver, 32 ports, IRQ sharing enabled
[    0.711833] 00:02: ttyS0 at I/O 0x3f8 (irq = 4, base_baud = 115200) is a 16550A
[    0.717431] Linux agpgart interface v0.103
[    0.722237] loop: module loaded
[    0.724448] scsi host0: ata_piix
[    0.725707] scsi host1: ata_piix
[    0.726640] ata1: PATA max UDMA/33 cmd 0x1f0 ctl 0x3f6 bmdma 0xd000 irq 14
[    0.728222] ata2: PATA max UDMA/33 cmd 0x170 ctl 0x376 bmdma 0xd008 irq 15
[    0.730835] libphy: Fixed MDIO Bus: probed
[    0.731781] tun: Universal TUN/TAP device driver, 1.6
[    0.732939] tun: (C) 1999-2004 Max Krasnyansky <maxk@qualcomm.com>
[    0.735089] PPP generic driver version 2.4.2
[    0.736547] ehci_hcd: USB 2.0 'Enhanced' Host Controller (EHCI) Driver
[    0.738348] ehci-pci: EHCI PCI platform driver
[    0.739465] ehci-platform: EHCI generic platform driver
[    0.740555] ohci_hcd: USB 1.1 'Open' Host Controller (OHCI) Driver
[    0.741910] ohci-pci: OHCI PCI platform driver
[    0.742778] ohci-platform: OHCI generic platform driver
[    0.744460] uhci_hcd: USB Universal Host Controller Interface driver
[    0.746703] i8042: PNP: PS/2 Controller [PNP0303:PS2K,PNP0f03:PS2M] at 0x60,0x64 irq 1,12
[    0.749231] serio: i8042 KBD port at 0x60,0x64 irq 1
[    0.750351] serio: i8042 AUX port at 0x60,0x64 irq 12
[    0.752010] mousedev: PS/2 mouse device common for all mice
[    0.754430] input: AT Translated Set 2 keyboard as /devices/platform/i8042/serio0/input/input2
[    0.757877] rtc_cmos rtc_cmos: rtc core: registered rtc_cmos as rtc0
[    0.761147] rtc_cmos rtc_cmos: alarms up to one day, 114 bytes nvram
[    0.762946] i2c /dev entries driver
[    0.763687] device-mapper: uevent: version 1.0.3
[    0.765032] device-mapper: ioctl: 4.34.0-ioctl (2015-10-28) initialised: dm-devel@redhat.com
[    0.766735] ledtrig-cpu: registered to indicate activity on CPUs
[    0.768067] NET: Registered protocol family 10
[    0.770224] NET: Registered protocol family 17
[    0.771569] Key type dns_resolver registered
[    0.773551] registered taskstats version 1
[    0.774682] Loading compiled-in X.509 certificates
[    0.776386] Loaded X.509 cert 'Build time autogenerated kernel key: cf00e047681d67edb2720680708b7d9498083038'
[    0.778213] zswap: loaded using pool lzo/zbud
[    0.785205] Key type trusted registered
[    0.792336] Key type encrypted registered
[    0.794230] AppArmor: AppArmor sha1 policy hashing enabled
[    0.795841] ima: No TPM chip found, activating TPM-bypass!
[    0.797141] ima: Allocated hash algorithm: sha1
[    0.798467] evm: HMAC attrs: 0x1
[    0.799377]   Magic number: 15:67:18
[    0.800082] rtc_cmos rtc_cmos: setting system clock to 2023-03-17 08:00:38 UTC (1679040038)
[    0.802078] BIOS EDD facility v0.16 2004-Jun-25, 0 devices found
[    0.803123] EDD information not available.
[    0.912463] Freeing unused kernel memory: 1492K
[    0.914101] Write protecting the kernel read-only data: 14336k
[    0.916406] Freeing unused kernel memory: 1584K
[    0.918143] Freeing unused kernel memory: 52K
Loading, please wait...
starting version 229
[    0.944767] random: udevadm: uninitialized urandom read (16 bytes read, 2 bits of entropy available)
[    0.947834] random: systemd-udevd: uninitialized urandom read (16 bytes read, 2 bits of entropy available)
[    0.950872] random: systemd-udevd: uninitialized urandom read (16 bytes read, 2 bits of entropy available)
[    0.954433] random: udevadm: uninitialized urandom read (16 bytes read, 2 bits of entropy available)
[    0.958194] random: systemd-udevd: uninitialized urandom read (16 bytes read, 2 bits of entropy available)
[    0.960231] random: systemd-udevd: uninitialized urandom read (16 bytes read, 2 bits of entropy available)
[    0.978462] random: systemd-udevd: uninitialized urandom read (16 bytes read, 2 bits of entropy available)
[    0.983711] random: udevadm: uninitialized urandom read (16 bytes read, 2 bits of entropy available)
[    0.986445] random: systemd-udevd: uninitialized urandom read (16 bytes read, 2 bits of entropy available)
[    0.989137] random: systemd-udevd: uninitialized urandom read (16 bytes read, 2 bits of entropy available)
[    1.119979] e1000: Intel(R) PRO/1000 Network Driver - version 7.3.21-k8-NAPI
[    1.122459] e1000: Copyright (c) 1999-2006 Intel Corporation.
[    1.131531] Fusion MPT base driver 3.04.20
[    1.133496] Copyright (c) 1999-2008 LSI Corporation
[    1.161270] Fusion MPT SPI Host driver 3.04.20
[    1.252518] AVX2 version of gcm_enc/dec engaged.
[    1.253905] AES CTR mode by8 optimization enabled
[    1.357121] input: ImExPS/2 Generic Explorer Mouse as /devices/platform/i8042/serio1/input/input4
[    1.643442] e1000 0000:00:03.0 eth0: (PCI:33MHz:32-bit) 02:be:82:6b:cc:1d
[    1.645975] e1000 0000:00:03.0 eth0: Intel(R) PRO/1000 Network Connection
[    1.648303] mptbase: ioc0: Initiating bringup
[    1.709653] ioc0: LSI53C1030 A0: Capabilities={Initiator}
[    1.870022] scsi host2: ioc0: LSI53C1030 A0, FwRev=00000000h, Ports=1, MaxQ=256, IRQ=20
[    1.984461] scsi 2:0:0:0: Direct-Access     VBOX     HARDDISK         1.0  PQ: 0 ANSI: 5
[    1.986052] scsi target2:0:0: Beginning Domain Validation
[    1.987939] scsi target2:0:0: Domain Validation skipping write tests
[    1.988973] scsi target2:0:0: Ending Domain Validation
[    1.989966] scsi target2:0:0: asynchronous
[    1.991017] scsi 2:0:1:0: Direct-Access     VBOX     HARDDISK         1.0  PQ: 0 ANSI: 5
[    1.999324] scsi target2:0:1: Beginning Domain Validation
[    2.001038] scsi target2:0:1: Domain Validation skipping write tests
[    2.002193] scsi target2:0:1: Ending Domain Validation
[    2.003195] scsi target2:0:1: asynchronous
[    2.006859] sd 2:0:0:0: Attached scsi generic sg0 type 0
[    2.007882] sd 2:0:0:0: [sda] 83886080 512-byte logical blocks: (42.9 GB/40.0 GiB)
[    2.009676] sd 2:0:1:0: [sdb] 20480 512-byte logical blocks: (10.5 MB/10.0 MiB)
[    2.015000] sd 2:0:1:0: Attached scsi generic sg1 type 0
[    2.016124] sd 2:0:0:0: [sda] Write Protect is off
[    2.017103] sd 2:0:1:0: [sdb] Write Protect is off
[    2.022120] sd 2:0:0:0: [sda] Incomplete mode parameter data
[    2.023184] sd 2:0:0:0: [sda] Assuming drive cache: write through
[    2.024177] sd 2:0:1:0: [sdb] Incomplete mode parameter data
[    2.025176] sd 2:0:1:0: [sdb] Assuming drive cache: write through
[    2.034907]  sda: sda1
[    2.036120] sd 2:0:0:0: [sda] Attached SCSI disk
[    2.037157] sd 2:0:1:0: [sdb] Attached SCSI disk
[    2.340505] e1000 0000:00:08.0 eth1: (PCI:33MHz:32-bit) 08:00:27:20:18:63
[    2.341737] e1000 0000:00:08.0 eth1: Intel(R) PRO/1000 Network Connection
[    2.343802] e1000 0000:00:08.0 enp0s8: renamed from eth1
[    2.346296] e1000 0000:00:03.0 enp0s3: renamed from eth0
Begin: Loading essential drivers ... [    3.753754] md: linear personality registered for level -1
[    3.766713] md: multipath personality registered for level -4
[    3.780088] md: raid0 personality registered for level 0
[    3.794658] md: raid1 personality registered for level 1
[    3.897261] raid6: sse2x1   gen()  8609 MB/s
[    3.982912] raid6: sse2x1   xor()  9136 MB/s
[    4.064976] raid6: sse2x2   gen() 15068 MB/s
[    4.146366] raid6: sse2x2   xor()  9962 MB/s
[    4.225711] raid6: sse2x4   gen() 16203 MB/s
[    4.309170] raid6: sse2x4   xor()  7244 MB/s
[    4.391332] raid6: avx2x1   gen() 22195 MB/s
[    4.475959] raid6: avx2x2   gen() 28278 MB/s
[    4.558203] raid6: avx2x4   gen() 27631 MB/s
[    4.559001] raid6: using algorithm avx2x2 gen() 28278 MB/s
[    4.559862] raid6: using avx2x2 recovery algorithm
[    4.562771] xor: automatically using best checksumming function:
[    4.715838]    avx       : 116485.000 MB/sec
[    4.723706] async_tx: api initialized (async)
[    4.752463] md: raid6 personality registered for level 6
[    4.754509] md: raid5 personality registered for level 5
[    4.755656] md: raid4 personality registered for level 4
[    4.778784] md: raid10 personality registered for level 10
done.
Begin: Running /scripts/init-premount ... done.
Begin: Mounting root file system ... Begin: Running /scripts/local-top ... done.
Begin: Running /scripts/local-premount ... [    4.849692] Btrfs loaded
Scanning for Btrfs filesystems
done.
Warning: fsck not present, so skipping root file system
[    4.954680] EXT4-fs (sda1): mounted filesystem with ordered data mode. Opts: (null)
done.
Begin: Running /scripts/local-bottom ... done.
Begin: Running /scripts/init-bottom ... done.
[    5.147836] systemd[1]: systemd 229 running in system mode. (+PAM +AUDIT +SELINUX +IMA +APPARMOR +SMACK +SYSVINIT +UTMP +LIBCRYPTSETUP +GCRYPT +GNUTLS +ACL +XZ -LZ4 +SECCOMP +BLKID +ELFUTILS +KMOD -IDN)
[    5.153372] systemd[1]: Detected virtualization oracle.
[    5.155172] systemd[1]: Detected architecture x86-64.

Welcome to [1mUbuntu 16.04.7 LTS[0m!

[    5.160382] systemd[1]: Set hostname to <ubuntu>.
[    5.166882] systemd[1]: Initializing machine ID from random generator.
[    5.168857] systemd[1]: Installed transient /etc/machine-id file.
[    5.415122] systemd[1]: Reached target User and Group Name Lookups.
[[0;32m  OK  [0m] Reached target User and Group Name Lookups.
[    5.417794] systemd[1]: Reached target System Time Synchronized.
[[0;32m  OK  [0m] Reached target System Time Synchronized.
[    5.419707] systemd[1]: Listening on Journal Socket.
[[0;32m  OK  [0m] Listening on Journal Socket.
[    5.421839] systemd[1]: Listening on LVM2 poll daemon socket.
[[0;32m  OK  [0m] Listening on LVM2 poll daemon socket.
[    5.424589] systemd[1]: Listening on /dev/initctl Compatibility Named Pipe.
[[0;32m  OK  [0m] Listening on /dev/initctl Compatibility Named Pipe.
[    5.427380] systemd[1]: Listening on udev Kernel Socket.
[[0;32m  OK  [0m] Listening on udev Kernel Socket.
[    5.429937] systemd[1]: Set up automount Arbitrary Executable File Formats File System Automount Point.
[[0;32m  OK  [0m] Set up automount Arbitrary Executab...ats File System Automount Point.
[    5.433083] systemd[1]: Started Forward Password Requests to Wall Directory Watch.
[[0;32m  OK  [0m] Started Forward Password Requests to Wall Directory Watch.
[    5.439248] systemd[1]: Created slice User and Session Slice.
[[0;32m  OK  [0m] Created slice User and Session Slice.
[    5.441643] systemd[1]: Listening on LVM2 metadata daemon socket.
[[0;32m  OK  [0m] Listening on LVM2 metadata daemon socket.
[    5.443956] systemd[1]: Listening on fsck to fsckd communication Socket.
[[0;32m  OK  [0m] Listening on fsck to fsckd communication Socket.
[    5.446280] systemd[1]: Reached target Encrypted Volumes.
[[0;32m  OK  [0m] Reached target Encrypted Volumes.
[    5.448681] systemd[1]: Started Trigger resolvconf update for networkd DNS.
[[0;32m  OK  [0m] Started Trigger resolvconf update for networkd DNS.
[    5.451021] systemd[1]: Listening on Journal Socket (/dev/log).
[[0;32m  OK  [0m] Listening on Journal Socket (/dev/log).
[    5.453384] systemd[1]: Listening on Journal Audit Socket.
[[0;32m  OK  [0m] Listening on Journal Audit Socket.
[    5.461912] systemd[1]: Listening on Device-mapper event daemon FIFOs.
[[0;32m  OK  [0m] Listening on Device-mapper event daemon FIFOs.
[    5.464400] systemd[1]: Listening on udev Control Socket.
[[0;32m  OK  [0m] Listening on udev Control Socket.
[    5.467034] systemd[1]: Created slice System Slice.
[[0;32m  OK  [0m] Created slice System Slice.
[    5.470917] systemd[1]: Starting Uncomplicated firewall...
         Starting Uncomplicated firewall...
[    5.473849] systemd[1]: Created slice system-serial\x2dgetty.slice.
[[0;32m  OK  [0m] Created slice system-serial\x2dgetty.slice.
[    5.486064] systemd[1]: Starting Nameserver information manager...
         Starting Nameserver information manager...
[    5.495757] systemd[1]: Mounting POSIX Message Queue File System...
         Mounting POSIX Message Queue File System...
[    5.511949] systemd[1]: Mounting Huge Pages File System...
         Mounting Huge Pages File System...
[    5.519587] systemd[1]: Starting Set console keymap...
         Starting Set console keymap...
[    5.532132] systemd[1]: Starting Create list of required static device nodes for the current kernel...
         Starting Create list of required st... nodes for the current kernel...
[    5.545146] systemd[1]: Mounting Debug File System...
         Mounting Debug File System...
[    5.584117] systemd[1]: Starting Monitoring of LVM2 mirrors, snapshots etc. using dmeventd or progress polling...
         Starting Monitoring of LVM2 mirrors... dmeventd or progress polling...
[    5.595374] systemd[1]: Starting Load Kernel Modules...
         Starting Load Kernel Modules...
[    5.607314] systemd[1]: Starting File System Check on Root Device...
         Starting File System Check on Root Device...
[    5.621550] systemd[1]: Reached target Swap.
[[0;32m  OK  [0m] Reached target Swap.
[    5.626048] systemd[1]: Reached target Slices.
[[0;32m  OK  [0m] Reached target Slices.
[    5.632720] systemd[1]: Listening on Syslog Socket.
[[0;32m  OK  [0m] Listening on Syslog Socket.
[    5.636283] systemd[1]: Starting Journal Service...
         Starting Journal Service...
[    5.650485] systemd[1]: Mounted Huge Pages File System.
[[0;32m  OK  [0m] Mounted Huge Pages File System.
[    5.655973] systemd[1]: Mounted POSIX Message Queue File System.
[[0;32m  OK  [0m] Mounted POSIX Message Queue File System.
[    5.663471] systemd[1]: Mounted Debug File System.
[[0;32m  OK  [0m] Mounted Debug File System.
[    5.668141] systemd[1]: Started Uncomplicated firewall.
[[0;32m  OK  [0m] Started Uncomplicated firewall.
[    5.688871] systemd[1]: Started Set console keymap.
[[0;32m  OK  [0m] Started Set console keymap.
[    5.707036] Loading iSCSI transport class v2.0-870.
[    5.719506] systemd[1]: Started Create list of required static device nodes for the current kernel.
[[0;32m  OK  [0m] Started Create list of required sta...ce nodes for the current kernel.
[    5.735073] systemd[1]: Started Nameserver information manager.
[[0;32m  OK  [0m] Started Nameserver information manager.
[    5.759732] systemd[1]: Started LVM2 metadata daemon.
[[0;32m  OK  [0m] Started LVM2 metadata daemon.
[    5.769346] systemd[1]: Started File System Check Daemon to report status.
[[0;32m  OK  [0m] Started File System Check Daemon to report status.
[    5.785546] systemd[1]: Starting Create Static Device Nodes in /dev...
         Starting Create Static Device Nodes in /dev...
[    5.807425] systemd[1]: Started Journal Service.
[[0;32m  OK  [0m] Started Journal Service.
[    5.821648] iscsi: registered transport (tcp)
[[0;32m  OK  [0m] Started File System Check on Root Device.
         Starting Remount Root and Kernel File Systems...
[[0;32m  OK  [0m] Started Create Static Device Nodes in /dev.
         Starting udev Kernel Device Manager...
[    5.883702] EXT4-fs (sda1): re-mounted. Opts: (null)
[[0;32m  OK  [0m] Started Remount Root and Kernel File Systems.
         Starting udev Coldplug all Devices...
         Starting Flush Journal to Persistent Storage...
         Starting Load/Save Random Seed...
[[0;32m  OK  [0m] Started Load/Save Random Seed.
[    5.917535] systemd-journald[390]: Received request to flush runtime journal from PID 1
[[0;32m  OK  [0m] Started Flush Journal to Persistent Storage.
[[0;32m  OK  [0m] Started udev Kernel Device Manager.
[    5.934448] random: nonblocking pool is initialized
[    5.958114] iscsi: registered transport (iser)
[[0;32m  OK  [0m] Started Load Kernel Modules.
         Mounting FUSE Control File System...
         Starting Apply Kernel Variables...
[[0;32m  OK  [0m] Mounted FUSE Control File System.
[[0;32m  OK  [0m] Started Apply Kernel Variables.
[[0;32m  OK  [0m] Started udev Coldplug all Devices.
[[0;32m  OK  [0m] Started Dispatch Password Requests to Console Directory Watch.
[[0;32m  OK  [0m] Found device /dev/ttyS0.
[[0;32m  OK  [0m] Listening on Load/Save RF Kill Switch Status /dev/rfkill Watch.
[[0;32m  OK  [0m] Started Monitoring of LVM2 mirrors,...ng dmeventd or progress polling.
[[0;32m  OK  [0m] Reached target Local File Systems (Pre).
[[0;32m  OK  [0m] Reached target Local File Systems.
         Starting LSB: AppArmor initialization...
         Starting Commit a transient machine-id on disk...
         Starting Create Volatile Files and Directories...
         Starting Tell Plymouth To Write Out Runtime Data...
         Starting Initial cloud-init job (pre-networking)...
         Starting Set console font and keymap...
[[0;32m  OK  [0m] Started Commit a transient machine-id on disk.
[[0;32m  OK  [0m] Started Create Volatile Files and Directories.
         Starting Update UTMP about System Boot/Shutdown...
[[0;32m  OK  [0m] Started Tell Plymouth To Write Out Runtime Data.
[[0;32m  OK  [0m] Started Update UTMP about System Boot/Shutdown.
[[0;32m  OK  [0m] Started Set console font and keymap.
[[0;32m  OK  [0m] Created slice system-getty.slice.
[[0;32m  OK  [0m] Started LSB: AppArmor initialization.
         Starting Load AppArmor profiles managed internally by snapd...
[[0;32m  OK  [0m] Started Load AppArmor profiles managed internally by snapd.
[    8.427284] cloud-init[620]: Cloud-init v. 21.1-19-gbad84ad4-0ubuntu1~16.04.2 running 'init-local' at Fri, 17 Mar 2023 08:00:46 +0000. Up 8.16 seconds.
[[0;32m  OK  [0m] Started Initial cloud-init job (pre-networking).
[[0;32m  OK  [0m] Reached target Network (Pre).
         Starting Raise network interfaces...
[[0;32m  OK  [0m] Started Raise network interfaces.
         Starting Initial cloud-init job (metadata service crawler)...
[[0;32m  OK  [0m] Reached target Network.
[   10.140911] cloud-init[962]: Cloud-init v. 21.1-19-gbad84ad4-0ubuntu1~16.04.2 running 'init' at Fri, 17 Mar 2023 08:00:47 +0000. Up 9.28 seconds.
[   10.142477] cloud-init[962]: ci-info: ++++++++++++++++++++++++++++++++++++++Net device info+++++++++++++++++++++++++++++++++++++++
[   10.160265] cloud-init[962]: ci-info: +--------+-------+----------------------------+---------------+--------+-------------------+
[   10.161836] cloud-init[962]: ci-info: | Device |   Up  |          Address           |      Mask     | Scope  |     Hw-Address    |
[   10.163277] cloud-init[962]: ci-info: +--------+-------+----------------------------+---------------+--------+-------------------+
[   10.164720] cloud-init[962]: ci-info: | enp0s3 |  True |         10.0.2.15          | 255.255.255.0 | global | 02:be:82:6b:cc:1d |
[   10.166120] cloud-init[962]: ci-info: | enp0s3 |  True | fe80::be:82ff:fe6b:cc1d/64 |       .       |  link  | 02:be:82:6b:cc:1d |
[   10.167518] cloud-init[962]: ci-info: | enp0s8 | False |             .              |       .       |   .    | 08:00:27:20:18:63 |
[   10.168987] cloud-init[962]: ci-info: |   lo   |  True |         127.0.0.1          |   255.0.0.0   |  host  |         .         |
[   10.170362] cloud-init[962]: ci-info: |   lo   |  True |          ::1/128           |       .       |  host  |         .         |
[   10.171778] cloud-init[962]: ci-info: +--------+-------+----------------------------+---------------+--------+-------------------+
[   10.173310] cloud-init[962]: ci-info: +++++++++++++++++++++++++++Route IPv4 info++++++++++++++++++++++++++++
[   10.174641] cloud-init[962]: ci-info: +-------+-------------+----------+---------------+-----------+-------+
[   10.175978] cloud-init[962]: ci-info: | Route | Destination | Gateway  |    Genmask    | Interface | Flags |
[   10.180382] cloud-init[962]: ci-info: +-------+-------------+----------+---------------+-----------+-------+
[   10.181652] cloud-init[962]: ci-info: |   0   |   0.0.0.0   | 10.0.2.2 |    0.0.0.0    |   enp0s3  |   UG  |
[   10.184281] cloud-init[962]: ci-info: |   1   |   10.0.2.0  | 0.0.0.0  | 255.255.255.0 |   enp0s3  |   U   |
[   10.188327] cloud-init[962]: ci-info: +-------+-------------+----------+---------------+-----------+-------+
[   10.189671] cloud-init[962]: ci-info: +++++++++++++++++++Route IPv6 info+++++++++++++++++++
[   10.192327] cloud-init[962]: ci-info: +-------+-------------+---------+-----------+-------+
[   10.196381] cloud-init[962]: ci-info: | Route | Destination | Gateway | Interface | Flags |
[   10.197619] cloud-init[962]: ci-info: +-------+-------------+---------+-----------+-------+
[   10.198691] cloud-init[962]: ci-info: |   0   |  fe80::/64  |    ::   |   enp0s3  |   U   |
[   10.216782] cloud-init[962]: ci-info: |   3   |   ff00::/8  |    ::   |   enp0s3  |   U   |
[   10.217928] cloud-init[962]: ci-info: +-------+-------------+---------+-----------+-------+
[   10.219186] cloud-init[962]: Generating public/private rsa key pair.
[   10.220289] cloud-init[962]: Your identification has been saved in /etc/ssh/ssh_host_rsa_key.
[   10.225454] cloud-init[962]: Your public key has been saved in /etc/ssh/ssh_host_rsa_key.pub.
[   10.227322] cloud-init[962]: The key fingerprint is:
[   10.228428] cloud-init[962]: SHA256:W7qVIezGuhkHpivUeFAUSCu5fVNgsAI1168Wr+xnHHM root@ubuntu-xenial
[[0;32m  OK  [0m] Started Initial cloud-init job (metadata service crawler).
[[0;32m  OK  [0m] Reached target System Initialization.
[[0;32m  OK  [0m] Started Daily apt download activities.
[[0;32m  OK  [0m] Started Daily Cleanup of Temporary Directories.
[[0;32m  OK  [0m] Started Message of the Day.
[   10.232518] cloud-init[962]: The key's randomart image is:
[   10.234513] cloud-init[962]: +---[RSA 2048]----+
[   10.235163] cloud-init[962]: |.o=+*o           |
[   10.236165] cloud-init[962]: |...*...          |
[   10.236806] cloud-init[962]: |+ o.  ..         |
[   10.237263] cloud-init[962]: | =.  ....        |
[[0;32m  OK  [0m] Started ACPI Events Check.
[[0;32m  OK  [0m] Reached target Paths.
[[0;32m  OK  [0m] Started Daily apt upgrade and clean activities.
[[0;32m  OK  [0m] Listening on ACPID Listen Socket.
[[0;32m  OK  [0m] Listening on UUID daemon activation socket.
         Starting Socket activation for snappy daemon.
[   10.239336] cloud-init[962]: |. .+o o+S o      |
[   10.252372] cloud-init[962]: |  o.o+o++=Eo     |
[   10.252869] cloud-init[962]: | . ..o.oB+o      |
[   10.253385] cloud-init[962]: |  .  .o*+o       |
         Starting LXD - unix socket.
[   10.254390] cloud-init[962]: |   ...=+.        |
[   10.260308] cloud-init[962]: +----[SHA256]-----+
[   10.260860] cloud-init[962]: Generating public/private dsa key pair.
[[0;32m  OK  [0m] Listening on D-Bus System Message Bus Socket.
[[0;32m  OK  [0m] Started Ubuntu Advantage update messaging.
[[0;32m  OK  [0m] Reached target Timers.
[   10.263243] cloud-init[962]: Your identification has been saved in /etc/ssh/ssh_host_dsa_key.
[[0;32m  OK  [0m] Reached target Network is Online.
         Starting iSCSI initiator daemon (iscsid)...
[   10.265843] cloud-init[962]: Your public key has been saved in /etc/ssh/ssh_host_dsa_key.pub.[[0;32m  OK  [0m] Reached target Cloud-config availability.
[[0;32m  OK  [0m] Listening on Socket activation for snappy daemon.
[[0;32m  OK  [0m] Listening on LXD - unix socket.
[[0;32m  OK  [0m] Reached target Sockets.
[[0;32m  OK  [0m] Reached target Basic System.
         
[   10.272664] cloud-init[962]: The key fingerprint is:
[   10.273215] cloud-init[962]: SHA256:OaRvsMMyLyirw8l6KDre/33y1Mtoq62ziiozsrLEu90 root@ubuntu-xenial
[   10.274265] cloud-init[962]: The key's randomart image is:
[   10.274937] cloud-init[962]: +---[DSA 1024]----+
[   10.275565] cloud-init[962]: |                 |
[   10.276994] cloud-init[962]: Starting LSB: Record successful boot for GRUB...
[[0;32m  OK  [0m] Started D-Bus System Message Bus.
|                 |
[   10.295670] cloud-init[962]: |        .        |
[   10.297269] cloud-init[962]: |       o .       |
[   10.298767] cloud-init[962]: |      o S        |
[   10.300473] cloud-init[962]: |.    . + .  .    |
[   10.301463] cloud-init[962]: |o+..o + o  . .   |
[   10.302607] cloud-init[962]: |XB* o+.o.oooo .  |
[   10.303902] cloud-init[962]: |/%=+oEoo.=X=.o   |
         Starting Pollinate to seed the pseudo random number generator...
         Starting Accounts Service...
[[0;32m  OK  [0m] Started Regular background program processing daemon.
[[0;32m  OK  [0m] Started FUSE filesystem for LXC.
[   10.306521] cloud-init[962]: [[0;32m  OK  [0m] Started ACPI event daemon.
         Starting Login Service...
         Starting Virtualbox guest utils...
[[0;32m  OK  [0m] Started Deferred execution scheduler.
         Starting LXD - container startup/shutdown...
+----[SHA256]-----+
         Starting System Logging Service...
         Starting Snap Daemon...
         Starting LSB: MD monitoring daemon...
         Starting /etc/rc.local Compatibility...
[[0;32m  OK  [0m] Started /etc/rc.local Compatibility.
[[0;32m  OK  [0m] Started iSCSI initiator daemon (iscsid).
         Starting Login to default iSCSI targets...
[[0;32m  OK  [0m] Started Login Service.
[[0;32m  OK  [0m] Started Unattended Upgrades Shutdown.
[[0;32m  OK  [0m] Started Login to default iSCSI targets.
[[0;32m  OK  [0m] Reached target Remote File Systems (Pre).
[[0;32m  OK  [0m] Reached target Remote File Systems.
         Starting Permit User Sessions...
         Starting LSB: automatic crash report generation...
         Starting LSB: daemon to balance interrupts for SMP systems...
[   10.422520]          Starting LSB: Set the CPU Frequency Scaling governor to "ondemand"...
[[0;32m  OK  [0m] Started Permit User Sessions.
         Starting Terminate Plymouth Boot Screen...
         Starting Hold until boot process finishes up...
[[0;32m  OK  [0m] Started Hold until boot process finishes up.
         Starting Set console scheme...
[[0;32m  OK  [0m] Started Serial Getty on ttyS0.
[[0;32m  OK  [0m] Started Getty on tty1.
[[0;32m  OK  [0m] Reached target Login Prompts.
[[0;32m  OK  [0m] Started Terminate Plymouth Boot Screen.
[[0;32m  OK  [0m] Started Set console scheme.
[[0;32m  OK  [0m] Started System Logging Service.
[[0;32m  OK  [0m] Started LSB: Record successful boot for GRUB.
cloud-init[962]: Generating public/private ecdsa key pair.
[   10.483329] cloud-init[962]: Your identification has been saved in /etc/ssh/ssh_host_ecdsa_key.
[   10.502679] cloud-init[962]: Your public key has been saved in /etc/ssh/ssh_host_ecdsa_key.pub.
[   10.504387] cloud-init[962]: The key fingerprint is:
[[0;32m  OK  [0m] Started LSB: Set the CPU Frequency Scaling governor to "ondemand".
[   10.517994] cloud-init[962]: SHA256:/VXiVymTP1l5586jGAwPWI9BozRBlxZZw3xtiDqRLj4 root@ubuntu-xenial
[   10.541713] cloud-init[962]: The key's randomart image is:
[[0;32m  OK  [0m] Started LSB: MD monitoring daemon.
[   10.561765] cloud-init[962]: +---[ECDSA 256]---+
[[0;32m  OK  [0m] Started LSB: daemon to balance interrupts for SMP systems.
[   10.577137] cloud-init[962]: |      .=.=Oo. o  |
[   10.592807] cloud-init[962]: |      . =*.+.o.oo|
[   10.624746] cloud-init[962]: |       .ooo .+oo*|
[   10.628635] cloud-init[962]: |       .o=+  .++*|
[   10.657421]          Starting Authenticate and Authorize Users to Run Privileged Tasks...
cloud-init[962]: |      ..S+o.  o+o|
[   10.697859] cloud-init[962]: |       E  =. . +.|
[[0;32m  OK  [0m] Started LSB: automatic crash report generation.
[   10.706032] cloud-init[962]: |        .  +.  .o|
[   10.760471] cloud-init[962]: |            o . .|
[   10.769822] cloud-init[962]: |           . .   |
[   10.782474] cloud-init[962]: +----[SHA256]-----+
[   10.793805] cloud-init[962]: Generating public/private ed25519 key pair.
[   10.802152] cloud-init[962]: Your identification has been saved in /etc/ssh/ssh_host_ed25519_key.
[[0;32m  OK  [0m] Started LXD - container startup/shutdown.
[   10.819602] cloud-init[962]: Your public key has been saved in /etc/ssh/ssh_host_ed25519_key.pub.
[   10.827591] cloud-init[962]: The key fingerprint is:
[   10.851799] cloud-init[962]: SHA256:MnITSH5Ftm7HVx4+eWdu9jw4260xI2KPzewSokfSec4 root@ubuntu-xenial
[   10.858773] cloud-init[962]: The key's randomart image is:
[   10.875143] cloud-init[962]: +--[ED25519 256]--+
[   10.878391] cloud-init[962]: |    .  .+        |
[   10.884893] cloud-init[962]: |   o . o .       |
[[0;32m  OK  [0m] Started Authenticate and Authorize Users to Run Privileged Tasks.
[[0;32m  OK  [0m] Started Accounts Service.
[   10.924581] cloud-init[962]: |    o o .     o  |
[   10.929105] cloud-init[962]: |     . o .   + o |
[   10.932707] cloud-init[962]: |    . =.S.o . = +|
[   10.936842] cloud-init[962]: |     o.==.o.   =.|
[   10.940844] cloud-init[962]: |       + =o.. = +|
[   10.944449] cloud-init[962]: |      . ..EB +.Oo|
[   10.957175] cloud-init[962]: |       .  .o*.+o=|
[   10.959206] cloud-init[962]: +----[SHA256]-----+
[[0;32m  OK  [0m] Started Virtualbox guest utils.
[[0;32m  OK  [0m] Started Snap Daemon.
         Starting Wait until snapd is fully seeded...
[[0;32m  OK  [0m] Started Pollinate to seed the pseudo random number generator.
         Starting OpenBSD Secure Shell server...
[[0;32m  OK  [0m] Started OpenBSD Secure Shell server.
[[0;32m  OK  [0m] Created slice User Slice of vagrant.
         Starting User Manager for UID 1000...
[[0;32m  OK  [0m] Started Session 1 of user vagrant.
[[0;32m  OK  [0m] Started User Manager for UID 1000.
[[0;32m  OK  [0m] Started Wait until snapd is fully seeded.
         Starting Apply the settings specified in cloud-config...
[[0;32m  OK  [0m] Reached target Multi-User System.
[[0;32m  OK  [0m] Reached target Graphical Interface.
         Starting Update UTMP about System Runlevel Changes...
[[0;32m  OK  [0m] Started Update UTMP about System Runlevel Changes.
[   14.476736] cloud-init[1339]: Generating locales (this might take a while)...

Ubuntu 16.04.7 LTS ubuntu-xenial ttyS0

ubuntu-xenial login: [   17.977786] cloud-init[1339]:   en_US.UTF-8... done
[   17.979351] cloud-init[1339]: Generation complete.
[   18.328174] cloud-init[1339]: Cloud-init v. 21.1-19-gbad84ad4-0ubuntu1~16.04.2 running 'modules:config' at Fri, 17 Mar 2023 08:00:51 +0000. Up 14.15 seconds.
ci-info: no authorized SSH keys fingerprints found for user ubuntu.
<14>Mar 17 08:00:57 ec2: 
<14>Mar 17 08:00:57 ec2: #############################################################
<14>Mar 17 08:00:57 ec2: -----BEGIN SSH HOST KEY FINGERPRINTS-----
<14>Mar 17 08:00:57 ec2: 1024 SHA256:OaRvsMMyLyirw8l6KDre/33y1Mtoq62ziiozsrLEu90 root@ubuntu-xenial (DSA)
<14>Mar 17 08:00:57 ec2: 256 SHA256:/VXiVymTP1l5586jGAwPWI9BozRBlxZZw3xtiDqRLj4 root@ubuntu-xenial (ECDSA)
<14>Mar 17 08:00:57 ec2: 256 SHA256:MnITSH5Ftm7HVx4+eWdu9jw4260xI2KPzewSokfSec4 root@ubuntu-xenial (ED25519)
<14>Mar 17 08:00:57 ec2: 2048 SHA256:W7qVIezGuhkHpivUeFAUSCu5fVNgsAI1168Wr+xnHHM root@ubuntu-xenial (RSA)
<14>Mar 17 08:00:57 ec2: -----END SSH HOST KEY FINGERPRINTS-----
<14>Mar 17 08:00:57 ec2: #############################################################
-----BEGIN SSH HOST KEY KEYS-----
ecdsa-sha2-nistp256 AAAAE2VjZHNhLXNoYTItbmlzdHAyNTYAAAAIbmlzdHAyNTYAAABBBB5mM6r2tlNlBv/SHLXOWe77ZOjuK1puox1ztpHYNOths/Gv9u2N/QeRrW9um1dGjVu9BMcWXJW4TrFx4KApeLk= root@ubuntu-xenial
ssh-ed25519 AAAAC3NzaC1lZDI1NTE5AAAAIApGl2Q3zIJ2Q1pqH3vlOerKMzRZbyVkzb006+CRV8wD root@ubuntu-xenial
ssh-rsa AAAAB3NzaC1yc2EAAAADAQABAAABAQDfYgRwcnOBtzy80u5T++Pm0sAlVG/BMlw6S8GId+RW9Ho1uV/L//5Y5kJ2xmF2Dp7OcxVwnHKFBq78KR5IuwFDR8umc9zInNw+QkIu+Y7PDVdOXbQWeVB3+Ifun56tyMT/TvIytNUwbbs+v133KyD2uyb4GsXi5NEKEYTouH7vH2/6U4g9N542RiOkc6mlLqErxP//5r3+4b0CcXPdvwI94EYbEnHFPTWfVGX1mmbzHXIw6Pdwru0ZfLfYJBeG0pyZu5lnbkxo5NWJ9IU3kAEhfGyOG7XGfA1SvIKEMiModpalKLsV05HDI1LsbKBJ+tpFYOPPHbynTfaT69qOdvE7 root@ubuntu-xenial
-----END SSH HOST KEY KEYS-----
[   20.128414] cloud-init[1519]: Cloud-init v. 21.1-19-gbad84ad4-0ubuntu1~16.04.2 running 'modules:final' at Fri, 17 Mar 2023 08:00:57 +0000. Up 19.86 seconds.
[   20.130133] cloud-init[1519]: ci-info: no authorized SSH keys fingerprints found for user ubuntu.
[   20.130429] cloud-init[1519]: Cloud-init v. 21.1-19-gbad84ad4-0ubuntu1~16.04.2 finished at Fri, 17 Mar 2023 08:00:57 +0000. Datasource DataSourceNoCloud [seed=/dev/sdb][dsmode=net].  Up 20.04 seconds
